<?xml version="1.0" encoding="utf-8"?>
<test-run id="2" testcasecount="377" result="Passed" total="377" passed="377" failed="0" inconclusive="0" skipped="0" asserts="0" engine-version="3.5.0.0" clr-version="4.0.30319.42000" start-time="2026-03-27 15:50:08Z" end-time="2026-03-27 15:50:08Z" duration="0.2090488">
  <test-suite type="TestSuite" id="1394" name="FWTCG_UNITY" fullname="FWTCG_UNITY" runstate="Runnable" testcasecount="377" result="Passed" start-time="2026-03-27 15:50:08Z" end-time="2026-03-27 15:50:08Z" duration="0.209049" total="377" passed="377" failed="0" inconclusive="0" skipped="0" asserts="0">
    <properties />
    <test-suite type="Assembly" id="1784" name="FWTCG.Tests.EditMode.dll" fullname="E:/claudeCode/unity/FWTCG_UNITY_V2/Library/ScriptAssemblies/FWTCG.Tests.EditMode.dll" runstate="Runnable" testcasecount="377" result="Passed" start-time="2026-03-27 15:50:08Z" end-time="2026-03-27 15:50:08Z" duration="0.199410" total="377" passed="377" failed="0" inconclusive="0" skipped="0" asserts="0">
      <properties>
        <property name="_PID" value="41060" />
        <property name="_APPDOMAIN" value="Unity Child Domain" />
        <property name="platform" value="EditMode" />
      </properties>
      <test-suite type="TestSuite" id="1785" name="FWTCG" fullname="FWTCG" runstate="Runnable" testcasecount="377" result="Passed" start-time="2026-03-27 15:50:08Z" end-time="2026-03-27 15:50:08Z" duration="0.199152" total="377" passed="377" failed="0" inconclusive="0" skipped="0" asserts="0">
        <properties />
        <test-suite type="TestSuite" id="1786" name="Tests" fullname="FWTCG.Tests" runstate="Runnable" testcasecount="377" result="Passed" start-time="2026-03-27 15:50:08Z" end-time="2026-03-27 15:50:08Z" duration="0.195907" total="377" passed="377" failed="0" inconclusive="0" skipped="0" asserts="0">
          <properties />
          <test-suite type="TestFixture" id="1395" name="AIControllerTests" fullname="FWTCG.Tests.AIControllerTests" classname="FWTCG.Tests.AIControllerTests" runstate="Runnable" testcasecount="31" result="Passed" start-time="2026-03-27 15:50:08Z" end-time="2026-03-27 15:50:08Z" duration="0.035762" total="31" passed="31" failed="0" inconclusive="0" skipped="0" asserts="0">
            <properties />
            <test-case id="1415" name="AiAction_DeploysHigherValueUnitFirst" fullname="FWTCG.Tests.AIControllerTests.AiAction_DeploysHigherValueUnitFirst" methodname="AiAction_DeploysHigherValueUnitFirst" classname="FWTCG.Tests.AIControllerTests" runstate="Runnable" seed="1894044992" result="Passed" start-time="2026-03-27 15:50:08Z" end-time="2026-03-27 15:50:08Z" duration="0.013883" asserts="0">
              <properties />
            </test-case>
            <test-case id="1413" name="AiAction_DeploysUnit_WhenManaAndHandSufficient" fullname="FWTCG.Tests.AIControllerTests.AiAction_DeploysUnit_WhenManaAndHandSufficient" methodname="AiAction_DeploysUnit_WhenManaAndHandSufficient" classname="FWTCG.Tests.AIControllerTests" runstate="Runnable" seed="1531353686" result="Passed" start-time="2026-03-27 15:50:08Z" end-time="2026-03-27 15:50:08Z" duration="0.000278" asserts="0">
              <properties />
            </test-case>
            <test-case id="1414" name="AiAction_DoesNotDeploy_WhenInsufficientMana" fullname="FWTCG.Tests.AIControllerTests.AiAction_DoesNotDeploy_WhenInsufficientMana" methodname="AiAction_DoesNotDeploy_WhenInsufficientMana" classname="FWTCG.Tests.AIControllerTests" runstate="Runnable" seed="203152891" result="Passed" start-time="2026-03-27 15:50:08Z" end-time="2026-03-27 15:50:08Z" duration="0.000169" asserts="0">
              <properties />
            </test-case>
            <test-case id="1416" name="AiAction_DoesNotExceedBaseCap5" fullname="FWTCG.Tests.AIControllerTests.AiAction_DoesNotExceedBaseCap5" methodname="AiAction_DoesNotExceedBaseCap5" classname="FWTCG.Tests.AIControllerTests" runstate="Runnable" seed="1039759556" result="Passed" start-time="2026-03-27 15:50:08Z" end-time="2026-03-27 15:50:08Z" duration="0.001858" asserts="0">
              <properties />
            </test-case>
            <test-case id="1419" name="AiAction_DoesNotMove_ExhaustedUnit" fullname="FWTCG.Tests.AIControllerTests.AiAction_DoesNotMove_ExhaustedUnit" methodname="AiAction_DoesNotMove_ExhaustedUnit" classname="FWTCG.Tests.AIControllerTests" runstate="Runnable" seed="2082429115" result="Passed" start-time="2026-03-27 15:50:08Z" end-time="2026-03-27 15:50:08Z" duration="0.000242" asserts="0">
              <properties />
            </test-case>
            <test-case id="1420" name="AiAction_DoesNotMove_StunnedUnit" fullname="FWTCG.Tests.AIControllerTests.AiAction_DoesNotMove_StunnedUnit" methodname="AiAction_DoesNotMove_StunnedUnit" classname="FWTCG.Tests.AIControllerTests" runstate="Runnable" seed="1892622887" result="Passed" start-time="2026-03-27 15:50:08Z" end-time="2026-03-27 15:50:08Z" duration="0.000162" asserts="0">
              <properties />
            </test-case>
            <test-case id="1412" name="AiAction_DoesNotTapAlreadyTappedRunes" fullname="FWTCG.Tests.AIControllerTests.AiAction_DoesNotTapAlreadyTappedRunes" methodname="AiAction_DoesNotTapAlreadyTappedRunes" classname="FWTCG.Tests.AIControllerTests" runstate="Runnable" seed="468040452" result="Passed" start-time="2026-03-27 15:50:08Z" end-time="2026-03-27 15:50:08Z" duration="0.000422" asserts="0">
              <properties />
            </test-case>
            <test-case id="1421" name="AiAction_EndsEnemyTurn_WhenNothingToDo" fullname="FWTCG.Tests.AIControllerTests.AiAction_EndsEnemyTurn_WhenNothingToDo" methodname="AiAction_EndsEnemyTurn_WhenNothingToDo" classname="FWTCG.Tests.AIControllerTests" runstate="Runnable" seed="453514153" result="Passed" start-time="2026-03-27 15:50:08Z" end-time="2026-03-27 15:50:08Z" duration="0.000639" asserts="0">
              <properties />
            </test-case>
            <test-case id="1417" name="AiAction_HasteUnit_EntersNonExhausted" fullname="FWTCG.Tests.AIControllerTests.AiAction_HasteUnit_EntersNonExhausted" methodname="AiAction_HasteUnit_EntersNonExhausted" classname="FWTCG.Tests.AIControllerTests" runstate="Runnable" seed="189100063" result="Passed" start-time="2026-03-27 15:50:08Z" end-time="2026-03-27 15:50:08Z" duration="0.001621" asserts="0">
              <properties />
            </test-case>
            <test-case id="1418" name="AiAction_MovesActiveUnit_ToBattlefield" fullname="FWTCG.Tests.AIControllerTests.AiAction_MovesActiveUnit_ToBattlefield" methodname="AiAction_MovesActiveUnit_ToBattlefield" classname="FWTCG.Tests.AIControllerTests" runstate="Runnable" seed="1530456620" result="Passed" start-time="2026-03-27 15:50:08Z" end-time="2026-03-27 15:50:08Z" duration="0.001201" asserts="0">
              <properties />
            </test-case>
            <test-case id="1423" name="AiAction_NoOp_WhenGameOver" fullname="FWTCG.Tests.AIControllerTests.AiAction_NoOp_WhenGameOver" methodname="AiAction_NoOp_WhenGameOver" classname="FWTCG.Tests.AIControllerTests" runstate="Runnable" seed="412508748" result="Passed" start-time="2026-03-27 15:50:08Z" end-time="2026-03-27 15:50:08Z" duration="0.000174" asserts="0">
              <properties />
            </test-case>
            <test-case id="1422" name="AiAction_NoOp_WhenNotEnemyTurn" fullname="FWTCG.Tests.AIControllerTests.AiAction_NoOp_WhenNotEnemyTurn" methodname="AiAction_NoOp_WhenNotEnemyTurn" classname="FWTCG.Tests.AIControllerTests" runstate="Runnable" seed="1097213422" result="Passed" start-time="2026-03-27 15:50:08Z" end-time="2026-03-27 15:50:08Z" duration="0.000150" asserts="0">
              <properties />
            </test-case>
            <test-case id="1424" name="AiAction_SkipsDeploy_WhenCardLocked" fullname="FWTCG.Tests.AIControllerTests.AiAction_SkipsDeploy_WhenCardLocked" methodname="AiAction_SkipsDeploy_WhenCardLocked" classname="FWTCG.Tests.AIControllerTests" runstate="Runnable" seed="85796965" result="Passed" start-time="2026-03-27 15:50:08Z" end-time="2026-03-27 15:50:08Z" duration="0.000259" asserts="0">
              <properties />
            </test-case>
            <test-case id="1411" name="AiAction_TapsAllUntappedRunes" fullname="FWTCG.Tests.AIControllerTests.AiAction_TapsAllUntappedRunes" methodname="AiAction_TapsAllUntappedRunes" classname="FWTCG.Tests.AIControllerTests" runstate="Runnable" seed="45730127" result="Passed" start-time="2026-03-27 15:50:08Z" end-time="2026-03-27 15:50:08Z" duration="0.000297" asserts="0">
              <properties />
            </test-case>
            <test-case id="1404" name="AiBoardScore_AiControlsBothBF" fullname="FWTCG.Tests.AIControllerTests.AiBoardScore_AiControlsBothBF" methodname="AiBoardScore_AiControlsBothBF" classname="FWTCG.Tests.AIControllerTests" runstate="Runnable" seed="1484569073" result="Passed" start-time="2026-03-27 15:50:08Z" end-time="2026-03-27 15:50:08Z" duration="0.000637" asserts="0">
              <properties />
            </test-case>
            <test-case id="1402" name="AiBoardScore_AiLeadsOnScore" fullname="FWTCG.Tests.AIControllerTests.AiBoardScore_AiLeadsOnScore" methodname="AiBoardScore_AiLeadsOnScore" classname="FWTCG.Tests.AIControllerTests" runstate="Runnable" seed="1166034257" result="Passed" start-time="2026-03-27 15:50:08Z" end-time="2026-03-27 15:50:08Z" duration="0.000114" asserts="0">
              <properties />
            </test-case>
            <test-case id="1405" name="AiBoardScore_AllEven_IsZero" fullname="FWTCG.Tests.AIControllerTests.AiBoardScore_AllEven_IsZero" methodname="AiBoardScore_AllEven_IsZero" classname="FWTCG.Tests.AIControllerTests" runstate="Runnable" seed="1038986501" result="Passed" start-time="2026-03-27 15:50:08Z" end-time="2026-03-27 15:50:08Z" duration="0.000456" asserts="0">
              <properties />
            </test-case>
            <test-case id="1403" name="AiBoardScore_PlayerLeadsOnScore" fullname="FWTCG.Tests.AIControllerTests.AiBoardScore_PlayerLeadsOnScore" methodname="AiBoardScore_PlayerLeadsOnScore" classname="FWTCG.Tests.AIControllerTests" runstate="Runnable" seed="818824934" result="Passed" start-time="2026-03-27 15:50:08Z" end-time="2026-03-27 15:50:08Z" duration="0.000207" asserts="0">
              <properties />
            </test-case>
            <test-case id="1398" name="AiCardValue_Barrier_Plus3" fullname="FWTCG.Tests.AIControllerTests.AiCardValue_Barrier_Plus3" methodname="AiCardValue_Barrier_Plus3" classname="FWTCG.Tests.AIControllerTests" runstate="Runnable" seed="1111510057" result="Passed" start-time="2026-03-27 15:50:08Z" end-time="2026-03-27 15:50:08Z" duration="0.000165" asserts="0">
              <properties />
            </test-case>
            <test-case id="1396" name="AiCardValue_BaseFormula_AtkOverCost" fullname="FWTCG.Tests.AIControllerTests.AiCardValue_BaseFormula_AtkOverCost" methodname="AiCardValue_BaseFormula_AtkOverCost" classname="FWTCG.Tests.AIControllerTests" runstate="Runnable" seed="1619980632" result="Passed" start-time="2026-03-27 15:50:08Z" end-time="2026-03-27 15:50:08Z" duration="0.000101" asserts="0">
              <properties />
            </test-case>
            <test-case id="1397" name="AiCardValue_Haste_Plus4" fullname="FWTCG.Tests.AIControllerTests.AiCardValue_Haste_Plus4" methodname="AiCardValue_Haste_Plus4" classname="FWTCG.Tests.AIControllerTests" runstate="Runnable" seed="14964750" result="Passed" start-time="2026-03-27 15:50:08Z" end-time="2026-03-27 15:50:08Z" duration="0.000134" asserts="0">
              <properties />
            </test-case>
            <test-case id="1401" name="AiCardValue_MinCostOne_PreventsDivideByZero" fullname="FWTCG.Tests.AIControllerTests.AiCardValue_MinCostOne_PreventsDivideByZero" methodname="AiCardValue_MinCostOne_PreventsDivideByZero" classname="FWTCG.Tests.AIControllerTests" runstate="Runnable" seed="1343721305" result="Passed" start-time="2026-03-27 15:50:08Z" end-time="2026-03-27 15:50:08Z" duration="0.000087" asserts="0">
              <properties />
            </test-case>
            <test-case id="1399" name="AiCardValue_MultipleKeywords_Stacked" fullname="FWTCG.Tests.AIControllerTests.AiCardValue_MultipleKeywords_Stacked" methodname="AiCardValue_MultipleKeywords_Stacked" classname="FWTCG.Tests.AIControllerTests" runstate="Runnable" seed="981940908" result="Passed" start-time="2026-03-27 15:50:08Z" end-time="2026-03-27 15:50:08Z" duration="0.000159" asserts="0">
              <properties />
            </test-case>
            <test-case id="1400" name="AiCardValue_ZeroAtk_CostOne" fullname="FWTCG.Tests.AIControllerTests.AiCardValue_ZeroAtk_CostOne" methodname="AiCardValue_ZeroAtk_CostOne" classname="FWTCG.Tests.AIControllerTests" runstate="Runnable" seed="1507240453" result="Passed" start-time="2026-03-27 15:50:08Z" end-time="2026-03-27 15:50:08Z" duration="0.000098" asserts="0">
              <properties />
            </test-case>
            <test-case id="1410" name="AiDecideMovement_PrefersBFWithConquestPotential_WhenNearWin" fullname="FWTCG.Tests.AIControllerTests.AiDecideMovement_PrefersBFWithConquestPotential_WhenNearWin" methodname="AiDecideMovement_PrefersBFWithConquestPotential_WhenNearWin" classname="FWTCG.Tests.AIControllerTests" runstate="Runnable" seed="1029882434" result="Passed" start-time="2026-03-27 15:50:08Z" end-time="2026-03-27 15:50:08Z" duration="0.001052" asserts="0">
              <properties />
            </test-case>
            <test-case id="1406" name="AiDecideMovement_PrefersUncontrolledEmptyBF" fullname="FWTCG.Tests.AIControllerTests.AiDecideMovement_PrefersUncontrolledEmptyBF" methodname="AiDecideMovement_PrefersUncontrolledEmptyBF" classname="FWTCG.Tests.AIControllerTests" runstate="Runnable" seed="1225105244" result="Passed" start-time="2026-03-27 15:50:08Z" end-time="2026-03-27 15:50:08Z" duration="0.000211" asserts="0">
              <properties />
            </test-case>
            <test-case id="1407" name="AiDecideMovement_ReturnsNull_WhenAllSlotsFull" fullname="FWTCG.Tests.AIControllerTests.AiDecideMovement_ReturnsNull_WhenAllSlotsFull" methodname="AiDecideMovement_ReturnsNull_WhenAllSlotsFull" classname="FWTCG.Tests.AIControllerTests" runstate="Runnable" seed="1114968843" result="Passed" start-time="2026-03-27 15:50:08Z" end-time="2026-03-27 15:50:08Z" duration="0.000261" asserts="0">
              <properties />
            </test-case>
            <test-case id="1409" name="AiDecideMovement_SplitStrategy_TwoEmptyBFs" fullname="FWTCG.Tests.AIControllerTests.AiDecideMovement_SplitStrategy_TwoEmptyBFs" methodname="AiDecideMovement_SplitStrategy_TwoEmptyBFs" classname="FWTCG.Tests.AIControllerTests" runstate="Runnable" seed="294883612" result="Passed" start-time="2026-03-27 15:50:08Z" end-time="2026-03-27 15:50:08Z" duration="0.000261" asserts="0">
              <properties />
            </test-case>
            <test-case id="1408" name="AiDecideMovement_WinningCombat_HighScore" fullname="FWTCG.Tests.AIControllerTests.AiDecideMovement_WinningCombat_HighScore" methodname="AiDecideMovement_WinningCombat_HighScore" classname="FWTCG.Tests.AIControllerTests" runstate="Runnable" seed="2012405713" result="Passed" start-time="2026-03-27 15:50:08Z" end-time="2026-03-27 15:50:08Z" duration="0.000206" asserts="0">
              <properties />
            </test-case>
            <test-case id="1426" name="AiDuelAction_NoOp_WhenInDuelNoSpellSystem" fullname="FWTCG.Tests.AIControllerTests.AiDuelAction_NoOp_WhenInDuelNoSpellSystem" methodname="AiDuelAction_NoOp_WhenInDuelNoSpellSystem" classname="FWTCG.Tests.AIControllerTests" runstate="Runnable" seed="268249845" result="Passed" start-time="2026-03-27 15:50:08Z" end-time="2026-03-27 15:50:08Z" duration="0.001080" asserts="0">
              <properties />
            </test-case>
            <test-case id="1425" name="AiDuelAction_NoOp_WhenNotInDuel" fullname="FWTCG.Tests.AIControllerTests.AiDuelAction_NoOp_WhenNotInDuel" methodname="AiDuelAction_NoOp_WhenNotInDuel" classname="FWTCG.Tests.AIControllerTests" runstate="Runnable" seed="1016073325" result="Passed" start-time="2026-03-27 15:50:08Z" end-time="2026-03-27 15:50:08Z" duration="0.000150" asserts="0">
              <properties />
            </test-case>
          </test-suite>
          <test-suite type="TestFixture" id="1427" name="BattlefieldSystemTests" fullname="FWTCG.Tests.BattlefieldSystemTests" classname="FWTCG.Tests.BattlefieldSystemTests" runstate="Runnable" testcasecount="42" result="Passed" start-time="2026-03-27 15:50:08Z" end-time="2026-03-27 15:50:08Z" duration="0.023978" total="42" passed="42" failed="0" inconclusive="0" skipped="0" asserts="0">
            <properties />
            <test-case id="1429" name="AltarUnity_OnHold_NoSpawn_WhenBaseFull" fullname="FWTCG.Tests.BattlefieldSystemTests.AltarUnity_OnHold_NoSpawn_WhenBaseFull" methodname="AltarUnity_OnHold_NoSpawn_WhenBaseFull" classname="FWTCG.Tests.BattlefieldSystemTests" runstate="Runnable" seed="214728377" result="Passed" start-time="2026-03-27 15:50:08Z" end-time="2026-03-27 15:50:08Z" duration="0.002072" asserts="0">
              <properties />
            </test-case>
            <test-case id="1428" name="AltarUnity_OnHold_SpawnsRecruit" fullname="FWTCG.Tests.BattlefieldSystemTests.AltarUnity_OnHold_SpawnsRecruit" methodname="AltarUnity_OnHold_SpawnsRecruit" classname="FWTCG.Tests.BattlefieldSystemTests" runstate="Runnable" seed="625998180" result="Passed" start-time="2026-03-27 15:50:08Z" end-time="2026-03-27 15:50:08Z" duration="0.000247" asserts="0">
              <properties />
            </test-case>
            <test-case id="1439" name="AscendingStairs_Conquer_GivesExtraPoint" fullname="FWTCG.Tests.BattlefieldSystemTests.AscendingStairs_Conquer_GivesExtraPoint" methodname="AscendingStairs_Conquer_GivesExtraPoint" classname="FWTCG.Tests.BattlefieldSystemTests" runstate="Runnable" seed="87654180" result="Passed" start-time="2026-03-27 15:50:08Z" end-time="2026-03-27 15:50:08Z" duration="0.000160" asserts="0">
              <properties />
            </test-case>
            <test-case id="1438" name="AscendingStairs_Hold_GivesExtraPoint" fullname="FWTCG.Tests.BattlefieldSystemTests.AscendingStairs_Hold_GivesExtraPoint" methodname="AscendingStairs_Hold_GivesExtraPoint" classname="FWTCG.Tests.BattlefieldSystemTests" runstate="Runnable" seed="2027091630" result="Passed" start-time="2026-03-27 15:50:08Z" end-time="2026-03-27 15:50:08Z" duration="0.000132" asserts="0">
              <properties />
            </test-case>
            <test-case id="1430" name="AspirantClimb_OnHold_BuffsBaseUnit" fullname="FWTCG.Tests.BattlefieldSystemTests.AspirantClimb_OnHold_BuffsBaseUnit" methodname="AspirantClimb_OnHold_BuffsBaseUnit" classname="FWTCG.Tests.BattlefieldSystemTests" runstate="Runnable" seed="1514101216" result="Passed" start-time="2026-03-27 15:50:08Z" end-time="2026-03-27 15:50:08Z" duration="0.000298" asserts="0">
              <properties />
            </test-case>
            <test-case id="1431" name="AspirantClimb_OnHold_NoEffect_WhenNoMana" fullname="FWTCG.Tests.BattlefieldSystemTests.AspirantClimb_OnHold_NoEffect_WhenNoMana" methodname="AspirantClimb_OnHold_NoEffect_WhenNoMana" classname="FWTCG.Tests.BattlefieldSystemTests" runstate="Runnable" seed="1496151473" result="Passed" start-time="2026-03-27 15:50:08Z" end-time="2026-03-27 15:50:08Z" duration="0.000190" asserts="0">
              <properties />
            </test-case>
            <test-case id="1445" name="BackAlleyBar_OnUnitLeaveBF_GivesTempBuff" fullname="FWTCG.Tests.BattlefieldSystemTests.BackAlleyBar_OnUnitLeaveBF_GivesTempBuff" methodname="BackAlleyBar_OnUnitLeaveBF_GivesTempBuff" classname="FWTCG.Tests.BattlefieldSystemTests" runstate="Runnable" seed="685175118" result="Passed" start-time="2026-03-27 15:50:08Z" end-time="2026-03-27 15:50:08Z" duration="0.000257" asserts="0">
              <properties />
            </test-case>
            <test-case id="1432" name="BandleTree_OnHold_AddsMana_WhenThreeRegions" fullname="FWTCG.Tests.BattlefieldSystemTests.BandleTree_OnHold_AddsMana_WhenThreeRegions" methodname="BandleTree_OnHold_AddsMana_WhenThreeRegions" classname="FWTCG.Tests.BattlefieldSystemTests" runstate="Runnable" seed="965312253" result="Passed" start-time="2026-03-27 15:50:08Z" end-time="2026-03-27 15:50:08Z" duration="0.000776" asserts="0">
              <properties />
            </test-case>
            <test-case id="1433" name="BandleTree_OnHold_NoMana_WhenTwoRegions" fullname="FWTCG.Tests.BattlefieldSystemTests.BandleTree_OnHold_NoMana_WhenTwoRegions" methodname="BandleTree_OnHold_NoMana_WhenTwoRegions" classname="FWTCG.Tests.BattlefieldSystemTests" runstate="Runnable" seed="492018462" result="Passed" start-time="2026-03-27 15:50:08Z" end-time="2026-03-27 15:50:08Z" duration="0.000233" asserts="0">
              <properties />
            </test-case>
            <test-case id="1469" name="DreamingTree_Integration_SpellOnBfAlly_DrawsCard" fullname="FWTCG.Tests.BattlefieldSystemTests.DreamingTree_Integration_SpellOnBfAlly_DrawsCard" methodname="DreamingTree_Integration_SpellOnBfAlly_DrawsCard" classname="FWTCG.Tests.BattlefieldSystemTests" runstate="Runnable" seed="49955156" result="Passed" start-time="2026-03-27 15:50:08Z" end-time="2026-03-27 15:50:08Z" duration="0.003951" asserts="0">
              <properties />
            </test-case>
            <test-case id="1456" name="DreamingTree_NoEffect_WhenTargetNotInBf" fullname="FWTCG.Tests.BattlefieldSystemTests.DreamingTree_NoEffect_WhenTargetNotInBf" methodname="DreamingTree_NoEffect_WhenTargetNotInBf" classname="FWTCG.Tests.BattlefieldSystemTests" runstate="Runnable" seed="2025357637" result="Passed" start-time="2026-03-27 15:50:08Z" end-time="2026-03-27 15:50:08Z" duration="0.000271" asserts="0">
              <properties />
            </test-case>
            <test-case id="1455" name="DreamingTree_OnSpellTargetAlly_DrawsCard" fullname="FWTCG.Tests.BattlefieldSystemTests.DreamingTree_OnSpellTargetAlly_DrawsCard" methodname="DreamingTree_OnSpellTargetAlly_DrawsCard" classname="FWTCG.Tests.BattlefieldSystemTests" runstate="Runnable" seed="1567658893" result="Passed" start-time="2026-03-27 15:50:08Z" end-time="2026-03-27 15:50:08Z" duration="0.000188" asserts="0">
              <properties />
            </test-case>
            <test-case id="1442" name="ForgottenMonument_AllowsConquer_BeforeRound3" fullname="FWTCG.Tests.BattlefieldSystemTests.ForgottenMonument_AllowsConquer_BeforeRound3" methodname="ForgottenMonument_AllowsConquer_BeforeRound3" classname="FWTCG.Tests.BattlefieldSystemTests" runstate="Runnable" seed="483428751" result="Passed" start-time="2026-03-27 15:50:08Z" end-time="2026-03-27 15:50:08Z" duration="0.000134" asserts="0">
              <properties />
            </test-case>
            <test-case id="1441" name="ForgottenMonument_AllowsHold_AtRound3" fullname="FWTCG.Tests.BattlefieldSystemTests.ForgottenMonument_AllowsHold_AtRound3" methodname="ForgottenMonument_AllowsHold_AtRound3" classname="FWTCG.Tests.BattlefieldSystemTests" runstate="Runnable" seed="1804269267" result="Passed" start-time="2026-03-27 15:50:08Z" end-time="2026-03-27 15:50:08Z" duration="0.000120" asserts="0">
              <properties />
            </test-case>
            <test-case id="1440" name="ForgottenMonument_BlocksHold_BeforeRound3" fullname="FWTCG.Tests.BattlefieldSystemTests.ForgottenMonument_BlocksHold_BeforeRound3" methodname="ForgottenMonument_BlocksHold_BeforeRound3" classname="FWTCG.Tests.BattlefieldSystemTests" runstate="Runnable" seed="758675460" result="Passed" start-time="2026-03-27 15:50:08Z" end-time="2026-03-27 15:50:08Z" duration="0.000121" asserts="0">
              <properties />
            </test-case>
            <test-case id="1447" name="Hirana_OnConquer_ConsumesBuffToken_DrawsCard" fullname="FWTCG.Tests.BattlefieldSystemTests.Hirana_OnConquer_ConsumesBuffToken_DrawsCard" methodname="Hirana_OnConquer_ConsumesBuffToken_DrawsCard" classname="FWTCG.Tests.BattlefieldSystemTests" runstate="Runnable" seed="1356486266" result="Passed" start-time="2026-03-27 15:50:08Z" end-time="2026-03-27 15:50:08Z" duration="0.000626" asserts="0">
              <properties />
            </test-case>
            <test-case id="1449" name="ReaverRow_OnConquer_IgnoresExpensiveUnits" fullname="FWTCG.Tests.BattlefieldSystemTests.ReaverRow_OnConquer_IgnoresExpensiveUnits" methodname="ReaverRow_OnConquer_IgnoresExpensiveUnits" classname="FWTCG.Tests.BattlefieldSystemTests" runstate="Runnable" seed="692110498" result="Passed" start-time="2026-03-27 15:50:08Z" end-time="2026-03-27 15:50:08Z" duration="0.000246" asserts="0">
              <properties />
            </test-case>
            <test-case id="1448" name="ReaverRow_OnConquer_RecallsUnitFromDiscard" fullname="FWTCG.Tests.BattlefieldSystemTests.ReaverRow_OnConquer_RecallsUnitFromDiscard" methodname="ReaverRow_OnConquer_RecallsUnitFromDiscard" classname="FWTCG.Tests.BattlefieldSystemTests" runstate="Runnable" seed="1973584303" result="Passed" start-time="2026-03-27 15:50:08Z" end-time="2026-03-27 15:50:08Z" duration="0.000218" asserts="0">
              <properties />
            </test-case>
            <test-case id="1444" name="ReckonerArena_OnCombatStart_Guard_ForDefender" fullname="FWTCG.Tests.BattlefieldSystemTests.ReckonerArena_OnCombatStart_Guard_ForDefender" methodname="ReckonerArena_OnCombatStart_Guard_ForDefender" classname="FWTCG.Tests.BattlefieldSystemTests" runstate="Runnable" seed="1522662817" result="Passed" start-time="2026-03-27 15:50:08Z" end-time="2026-03-27 15:50:08Z" duration="0.000770" asserts="0">
              <properties />
            </test-case>
            <test-case id="1443" name="ReckonerArena_OnCombatStart_StrongAttack_ForAttacker" fullname="FWTCG.Tests.BattlefieldSystemTests.ReckonerArena_OnCombatStart_StrongAttack_ForAttacker" methodname="ReckonerArena_OnCombatStart_StrongAttack_ForAttacker" classname="FWTCG.Tests.BattlefieldSystemTests" runstate="Runnable" seed="671748689" result="Passed" start-time="2026-03-27 15:50:08Z" end-time="2026-03-27 15:50:08Z" duration="0.000217" asserts="0">
              <properties />
            </test-case>
            <test-case id="1460" name="RockfallPath_CanDeployToBF_ReturnsFalse" fullname="FWTCG.Tests.BattlefieldSystemTests.RockfallPath_CanDeployToBF_ReturnsFalse" methodname="RockfallPath_CanDeployToBF_ReturnsFalse" classname="FWTCG.Tests.BattlefieldSystemTests" runstate="Runnable" seed="39819832" result="Passed" start-time="2026-03-27 15:50:08Z" end-time="2026-03-27 15:50:08Z" duration="0.000154" asserts="0">
              <properties />
            </test-case>
            <test-case id="1461" name="RockfallPath_CanDeployToBF_ReturnsTrue_ForOtherBF" fullname="FWTCG.Tests.BattlefieldSystemTests.RockfallPath_CanDeployToBF_ReturnsTrue_ForOtherBF" methodname="RockfallPath_CanDeployToBF_ReturnsTrue_ForOtherBF" classname="FWTCG.Tests.BattlefieldSystemTests" runstate="Runnable" seed="731047250" result="Passed" start-time="2026-03-27 15:50:08Z" end-time="2026-03-27 15:50:08Z" duration="0.000096" asserts="0">
              <properties />
            </test-case>
            <test-case id="1462" name="RockfallPath_DeployToBF_Blocked_ReturnsNull" fullname="FWTCG.Tests.BattlefieldSystemTests.RockfallPath_DeployToBF_Blocked_ReturnsNull" methodname="RockfallPath_DeployToBF_Blocked_ReturnsNull" classname="FWTCG.Tests.BattlefieldSystemTests" runstate="Runnable" seed="1095026566" result="Passed" start-time="2026-03-27 15:50:08Z" end-time="2026-03-27 15:50:08Z" duration="0.000266" asserts="0">
              <properties />
            </test-case>
            <test-case id="1436" name="StarPeak_OnHold_AddsTappedRune_AndMana" fullname="FWTCG.Tests.BattlefieldSystemTests.StarPeak_OnHold_AddsTappedRune_AndMana" methodname="StarPeak_OnHold_AddsTappedRune_AndMana" classname="FWTCG.Tests.BattlefieldSystemTests" runstate="Runnable" seed="1863343564" result="Passed" start-time="2026-03-27 15:50:08Z" end-time="2026-03-27 15:50:08Z" duration="0.000277" asserts="0">
              <properties />
            </test-case>
            <test-case id="1437" name="StarPeak_OnHold_NoEffect_WhenPlayerDeclines" fullname="FWTCG.Tests.BattlefieldSystemTests.StarPeak_OnHold_NoEffect_WhenPlayerDeclines" methodname="StarPeak_OnHold_NoEffect_WhenPlayerDeclines" classname="FWTCG.Tests.BattlefieldSystemTests" runstate="Runnable" seed="639415675" result="Passed" start-time="2026-03-27 15:50:08Z" end-time="2026-03-27 15:50:08Z" duration="0.000226" asserts="0">
              <properties />
            </test-case>
            <test-case id="1435" name="StrengthObelisk_OnConquer_AddsUntappedRune" fullname="FWTCG.Tests.BattlefieldSystemTests.StrengthObelisk_OnConquer_AddsUntappedRune" methodname="StrengthObelisk_OnConquer_AddsUntappedRune" classname="FWTCG.Tests.BattlefieldSystemTests" runstate="Runnable" seed="1388603602" result="Passed" start-time="2026-03-27 15:50:08Z" end-time="2026-03-27 15:50:08Z" duration="0.000158" asserts="0">
              <properties />
            </test-case>
            <test-case id="1434" name="StrengthObelisk_OnHold_AddsUntappedRune" fullname="FWTCG.Tests.BattlefieldSystemTests.StrengthObelisk_OnHold_AddsUntappedRune" methodname="StrengthObelisk_OnHold_AddsUntappedRune" classname="FWTCG.Tests.BattlefieldSystemTests" runstate="Runnable" seed="989101010" result="Passed" start-time="2026-03-27 15:50:08Z" end-time="2026-03-27 15:50:08Z" duration="0.000176" asserts="0">
              <properties />
            </test-case>
            <test-case id="1454" name="SunkenTemple_OnDefenseFailure_NoEffect_WhenNotEnoughMana" fullname="FWTCG.Tests.BattlefieldSystemTests.SunkenTemple_OnDefenseFailure_NoEffect_WhenNotEnoughMana" methodname="SunkenTemple_OnDefenseFailure_NoEffect_WhenNotEnoughMana" classname="FWTCG.Tests.BattlefieldSystemTests" runstate="Runnable" seed="1023321988" result="Passed" start-time="2026-03-27 15:50:08Z" end-time="2026-03-27 15:50:08Z" duration="0.000283" asserts="0">
              <properties />
            </test-case>
            <test-case id="1453" name="SunkenTemple_OnDefenseFailure_PayMana_DrawCard" fullname="FWTCG.Tests.BattlefieldSystemTests.SunkenTemple_OnDefenseFailure_PayMana_DrawCard" methodname="SunkenTemple_OnDefenseFailure_PayMana_DrawCard" classname="FWTCG.Tests.BattlefieldSystemTests" runstate="Runnable" seed="22554132" result="Passed" start-time="2026-03-27 15:50:08Z" end-time="2026-03-27 15:50:08Z" duration="0.000197" asserts="0">
              <properties />
            </test-case>
            <test-case id="1452" name="ThunderRune_OnConquer_NoEffect_WhenNoTappedRunes" fullname="FWTCG.Tests.BattlefieldSystemTests.ThunderRune_OnConquer_NoEffect_WhenNoTappedRunes" methodname="ThunderRune_OnConquer_NoEffect_WhenNoTappedRunes" classname="FWTCG.Tests.BattlefieldSystemTests" runstate="Runnable" seed="1476164968" result="Passed" start-time="2026-03-27 15:50:08Z" end-time="2026-03-27 15:50:08Z" duration="0.000207" asserts="0">
              <properties />
            </test-case>
            <test-case id="1451" name="ThunderRune_OnConquer_RecyclesTappedRune" fullname="FWTCG.Tests.BattlefieldSystemTests.ThunderRune_OnConquer_RecyclesTappedRune" methodname="ThunderRune_OnConquer_RecyclesTappedRune" classname="FWTCG.Tests.BattlefieldSystemTests" runstate="Runnable" seed="283813083" result="Passed" start-time="2026-03-27 15:50:08Z" end-time="2026-03-27 15:50:08Z" duration="0.000271" asserts="0">
              <properties />
            </test-case>
            <test-case id="1465" name="Tiyana_BlocksOpponentHoldScore" fullname="FWTCG.Tests.BattlefieldSystemTests.Tiyana_BlocksOpponentHoldScore" methodname="Tiyana_BlocksOpponentHoldScore" classname="FWTCG.Tests.BattlefieldSystemTests" runstate="Runnable" seed="624058908" result="Passed" start-time="2026-03-27 15:50:08Z" end-time="2026-03-27 15:50:08Z" duration="0.000159" asserts="0">
              <properties />
            </test-case>
            <test-case id="1466" name="Tiyana_DoesNotBlock_OwnHoldScore" fullname="FWTCG.Tests.BattlefieldSystemTests.Tiyana_DoesNotBlock_OwnHoldScore" methodname="Tiyana_DoesNotBlock_OwnHoldScore" classname="FWTCG.Tests.BattlefieldSystemTests" runstate="Runnable" seed="1314256433" result="Passed" start-time="2026-03-27 15:50:08Z" end-time="2026-03-27 15:50:08Z" duration="0.000116" asserts="0">
              <properties />
            </test-case>
            <test-case id="1467" name="Tiyana_Integration_EnemyHold_Blocked" fullname="FWTCG.Tests.BattlefieldSystemTests.Tiyana_Integration_EnemyHold_Blocked" methodname="Tiyana_Integration_EnemyHold_Blocked" classname="FWTCG.Tests.BattlefieldSystemTests" runstate="Runnable" seed="1717640973" result="Passed" start-time="2026-03-27 15:50:08Z" end-time="2026-03-27 15:50:08Z" duration="0.000148" asserts="0">
              <properties />
            </test-case>
            <test-case id="1446" name="TrifarianWarcamp_OnUnitEnterBF_GivesBuffToken" fullname="FWTCG.Tests.BattlefieldSystemTests.TrifarianWarcamp_OnUnitEnterBF_GivesBuffToken" methodname="TrifarianWarcamp_OnUnitEnterBF_GivesBuffToken" classname="FWTCG.Tests.BattlefieldSystemTests" runstate="Runnable" seed="1087465623" result="Passed" start-time="2026-03-27 15:50:08Z" end-time="2026-03-27 15:50:08Z" duration="0.000177" asserts="0">
              <properties />
            </test-case>
            <test-case id="1468" name="TriggerCombat_Conquer_TriggersReaverRow" fullname="FWTCG.Tests.BattlefieldSystemTests.TriggerCombat_Conquer_TriggersReaverRow" methodname="TriggerCombat_Conquer_TriggersReaverRow" classname="FWTCG.Tests.BattlefieldSystemTests" runstate="Runnable" seed="2038448119" result="Passed" start-time="2026-03-27 15:50:08Z" end-time="2026-03-27 15:50:08Z" duration="0.003741" asserts="0">
              <properties />
            </test-case>
            <test-case id="1463" name="VileThroatNest_CanMoveToBase_ReturnsFalse" fullname="FWTCG.Tests.BattlefieldSystemTests.VileThroatNest_CanMoveToBase_ReturnsFalse" methodname="VileThroatNest_CanMoveToBase_ReturnsFalse" classname="FWTCG.Tests.BattlefieldSystemTests" runstate="Runnable" seed="1063436151" result="Passed" start-time="2026-03-27 15:50:08Z" end-time="2026-03-27 15:50:08Z" duration="0.000528" asserts="0">
              <properties />
            </test-case>
            <test-case id="1464" name="VileThroatNest_MoveUnit_Blocked" fullname="FWTCG.Tests.BattlefieldSystemTests.VileThroatNest_MoveUnit_Blocked" methodname="VileThroatNest_MoveUnit_Blocked" classname="FWTCG.Tests.BattlefieldSystemTests" runstate="Runnable" seed="1814888980" result="Passed" start-time="2026-03-27 15:50:08Z" end-time="2026-03-27 15:50:08Z" duration="0.000187" asserts="0">
              <properties />
            </test-case>
            <test-case id="1459" name="VoidGate_Integration_SpellDealsExtraDamage" fullname="FWTCG.Tests.BattlefieldSystemTests.VoidGate_Integration_SpellDealsExtraDamage" methodname="VoidGate_Integration_SpellDealsExtraDamage" classname="FWTCG.Tests.BattlefieldSystemTests" runstate="Runnable" seed="1917760049" result="Passed" start-time="2026-03-27 15:50:08Z" end-time="2026-03-27 15:50:08Z" duration="0.001498" asserts="0">
              <properties />
            </test-case>
            <test-case id="1457" name="VoidGate_ModifySpellDamage_AddsPlusOne" fullname="FWTCG.Tests.BattlefieldSystemTests.VoidGate_ModifySpellDamage_AddsPlusOne" methodname="VoidGate_ModifySpellDamage_AddsPlusOne" classname="FWTCG.Tests.BattlefieldSystemTests" runstate="Runnable" seed="1451021266" result="Passed" start-time="2026-03-27 15:50:08Z" end-time="2026-03-27 15:50:08Z" duration="0.000181" asserts="0">
              <properties />
            </test-case>
            <test-case id="1458" name="VoidGate_NoEffect_WhenTargetNotInBf" fullname="FWTCG.Tests.BattlefieldSystemTests.VoidGate_NoEffect_WhenTargetNotInBf" methodname="VoidGate_NoEffect_WhenTargetNotInBf" classname="FWTCG.Tests.BattlefieldSystemTests" runstate="Runnable" seed="252781593" result="Passed" start-time="2026-03-27 15:50:08Z" end-time="2026-03-27 15:50:08Z" duration="0.000146" asserts="0">
              <properties />
            </test-case>
            <test-case id="1450" name="ZaunUndercity_OnConquer_DiscardsAndDraws" fullname="FWTCG.Tests.BattlefieldSystemTests.ZaunUndercity_OnConquer_DiscardsAndDraws" methodname="ZaunUndercity_OnConquer_DiscardsAndDraws" classname="FWTCG.Tests.BattlefieldSystemTests" runstate="Runnable" seed="290127392" result="Passed" start-time="2026-03-27 15:50:08Z" end-time="2026-03-27 15:50:08Z" duration="0.000239" asserts="0">
              <properties />
            </test-case>
          </test-suite>
          <test-suite type="TestFixture" id="1470" name="CardDeployerTests" fullname="FWTCG.Tests.CardDeployerTests" classname="FWTCG.Tests.CardDeployerTests" runstate="Runnable" testcasecount="54" result="Passed" start-time="2026-03-27 15:50:08Z" end-time="2026-03-27 15:50:08Z" duration="0.011774" total="54" passed="54" failed="0" inconclusive="0" skipped="0" asserts="0">
            <properties />
            <test-case id="1477" name="CanPlay_False_InDuel_NonFastCard" fullname="FWTCG.Tests.CardDeployerTests.CanPlay_False_InDuel_NonFastCard" methodname="CanPlay_False_InDuel_NonFastCard" classname="FWTCG.Tests.CardDeployerTests" runstate="Runnable" seed="961638654" result="Passed" start-time="2026-03-27 15:50:08Z" end-time="2026-03-27 15:50:08Z" duration="0.000718" asserts="0">
              <properties />
            </test-case>
            <test-case id="1476" name="CanPlay_False_WhenCardLocked" fullname="FWTCG.Tests.CardDeployerTests.CanPlay_False_WhenCardLocked" methodname="CanPlay_False_WhenCardLocked" classname="FWTCG.Tests.CardDeployerTests" runstate="Runnable" seed="1852825242" result="Passed" start-time="2026-03-27 15:50:08Z" end-time="2026-03-27 15:50:08Z" duration="0.000167" asserts="0">
              <properties />
            </test-case>
            <test-case id="1471" name="CanPlay_False_WhenGameOver" fullname="FWTCG.Tests.CardDeployerTests.CanPlay_False_WhenGameOver" methodname="CanPlay_False_WhenGameOver" classname="FWTCG.Tests.CardDeployerTests" runstate="Runnable" seed="1330531192" result="Passed" start-time="2026-03-27 15:50:08Z" end-time="2026-03-27 15:50:08Z" duration="0.000110" asserts="0">
              <properties />
            </test-case>
            <test-case id="1473" name="CanPlay_False_WhenInsufficientMana" fullname="FWTCG.Tests.CardDeployerTests.CanPlay_False_WhenInsufficientMana" methodname="CanPlay_False_WhenInsufficientMana" classname="FWTCG.Tests.CardDeployerTests" runstate="Runnable" seed="1675708000" result="Passed" start-time="2026-03-27 15:50:08Z" end-time="2026-03-27 15:50:08Z" duration="0.000088" asserts="0">
              <properties />
            </test-case>
            <test-case id="1474" name="CanPlay_False_WhenInsufficientSch" fullname="FWTCG.Tests.CardDeployerTests.CanPlay_False_WhenInsufficientSch" methodname="CanPlay_False_WhenInsufficientSch" classname="FWTCG.Tests.CardDeployerTests" runstate="Runnable" seed="4619999" result="Passed" start-time="2026-03-27 15:50:08Z" end-time="2026-03-27 15:50:08Z" duration="0.000136" asserts="0">
              <properties />
            </test-case>
            <test-case id="1472" name="CanPlay_False_WhenNotActionPhase" fullname="FWTCG.Tests.CardDeployerTests.CanPlay_False_WhenNotActionPhase" methodname="CanPlay_False_WhenNotActionPhase" classname="FWTCG.Tests.CardDeployerTests" runstate="Runnable" seed="1917404598" result="Passed" start-time="2026-03-27 15:50:08Z" end-time="2026-03-27 15:50:08Z" duration="0.000089" asserts="0">
              <properties />
            </test-case>
            <test-case id="1478" name="CanPlay_True_InDuel_FastCard" fullname="FWTCG.Tests.CardDeployerTests.CanPlay_True_InDuel_FastCard" methodname="CanPlay_True_InDuel_FastCard" classname="FWTCG.Tests.CardDeployerTests" runstate="Runnable" seed="1992239277" result="Passed" start-time="2026-03-27 15:50:08Z" end-time="2026-03-27 15:50:08Z" duration="0.000157" asserts="0">
              <properties />
            </test-case>
            <test-case id="1475" name="CanPlay_True_NormalConditions" fullname="FWTCG.Tests.CardDeployerTests.CanPlay_True_NormalConditions" methodname="CanPlay_True_NormalConditions" classname="FWTCG.Tests.CardDeployerTests" runstate="Runnable" seed="759212117" result="Passed" start-time="2026-03-27 15:50:08Z" end-time="2026-03-27 15:50:08Z" duration="0.000088" asserts="0">
              <properties />
            </test-case>
            <test-case id="1509" name="CleanDeadAll_AliveUnits_NotRemoved" fullname="FWTCG.Tests.CardDeployerTests.CleanDeadAll_AliveUnits_NotRemoved" methodname="CleanDeadAll_AliveUnits_NotRemoved" classname="FWTCG.Tests.CardDeployerTests" runstate="Runnable" seed="1561433690" result="Passed" start-time="2026-03-27 15:50:08Z" end-time="2026-03-27 15:50:08Z" duration="0.000245" asserts="0">
              <properties />
            </test-case>
            <test-case id="1510" name="CleanDeadAll_AttachedEquipGoesToDiscard" fullname="FWTCG.Tests.CardDeployerTests.CleanDeadAll_AttachedEquipGoesToDiscard" methodname="CleanDeadAll_AttachedEquipGoesToDiscard" classname="FWTCG.Tests.CardDeployerTests" runstate="Runnable" seed="357327605" result="Passed" start-time="2026-03-27 15:50:08Z" end-time="2026-03-27 15:50:08Z" duration="0.000307" asserts="0">
              <properties />
            </test-case>
            <test-case id="1511" name="CleanDeadAll_Equipment_NotRemovedFromBase" fullname="FWTCG.Tests.CardDeployerTests.CleanDeadAll_Equipment_NotRemovedFromBase" methodname="CleanDeadAll_Equipment_NotRemovedFromBase" classname="FWTCG.Tests.CardDeployerTests" runstate="Runnable" seed="1177885202" result="Passed" start-time="2026-03-27 15:50:08Z" end-time="2026-03-27 15:50:08Z" duration="0.000154" asserts="0">
              <properties />
            </test-case>
            <test-case id="1512" name="CleanDeadAll_MisplacedEquipInBF_RecalledToBase" fullname="FWTCG.Tests.CardDeployerTests.CleanDeadAll_MisplacedEquipInBF_RecalledToBase" methodname="CleanDeadAll_MisplacedEquipInBF_RecalledToBase" classname="FWTCG.Tests.CardDeployerTests" runstate="Runnable" seed="246515382" result="Passed" start-time="2026-03-27 15:50:08Z" end-time="2026-03-27 15:50:08Z" duration="0.000183" asserts="0">
              <properties />
            </test-case>
            <test-case id="1508" name="CleanDeadAll_MovesDeadToDiscard" fullname="FWTCG.Tests.CardDeployerTests.CleanDeadAll_MovesDeadToDiscard" methodname="CleanDeadAll_MovesDeadToDiscard" classname="FWTCG.Tests.CardDeployerTests" runstate="Runnable" seed="1220629667" result="Passed" start-time="2026-03-27 15:50:08Z" end-time="2026-03-27 15:50:08Z" duration="0.000163" asserts="0">
              <properties />
            </test-case>
            <test-case id="1507" name="CleanDeadAll_RemovesDeadFromBF" fullname="FWTCG.Tests.CardDeployerTests.CleanDeadAll_RemovesDeadFromBF" methodname="CleanDeadAll_RemovesDeadFromBF" classname="FWTCG.Tests.CardDeployerTests" runstate="Runnable" seed="1281532574" result="Passed" start-time="2026-03-27 15:50:08Z" end-time="2026-03-27 15:50:08Z" duration="0.000163" asserts="0">
              <properties />
            </test-case>
            <test-case id="1504" name="DealDamage_ClampsToZero_AndUnitDies" fullname="FWTCG.Tests.CardDeployerTests.DealDamage_ClampsToZero_AndUnitDies" methodname="DealDamage_ClampsToZero_AndUnitDies" classname="FWTCG.Tests.CardDeployerTests" runstate="Runnable" seed="2065327712" result="Passed" start-time="2026-03-27 15:50:08Z" end-time="2026-03-27 15:50:08Z" duration="0.000172" asserts="0">
              <properties />
            </test-case>
            <test-case id="1505" name="DealDamage_KilledUnit_RemovedFromBase" fullname="FWTCG.Tests.CardDeployerTests.DealDamage_KilledUnit_RemovedFromBase" methodname="DealDamage_KilledUnit_RemovedFromBase" classname="FWTCG.Tests.CardDeployerTests" runstate="Runnable" seed="182894041" result="Passed" start-time="2026-03-27 15:50:08Z" end-time="2026-03-27 15:50:08Z" duration="0.000143" asserts="0">
              <properties />
            </test-case>
            <test-case id="1506" name="DealDamage_Legend_ReducesLegendHp" fullname="FWTCG.Tests.CardDeployerTests.DealDamage_Legend_ReducesLegendHp" methodname="DealDamage_Legend_ReducesLegendHp" classname="FWTCG.Tests.CardDeployerTests" runstate="Runnable" seed="1023921482" result="Passed" start-time="2026-03-27 15:50:08Z" end-time="2026-03-27 15:50:08Z" duration="0.000193" asserts="0">
              <properties />
            </test-case>
            <test-case id="1503" name="DealDamage_ReducesUnitHp" fullname="FWTCG.Tests.CardDeployerTests.DealDamage_ReducesUnitHp" methodname="DealDamage_ReducesUnitHp" classname="FWTCG.Tests.CardDeployerTests" runstate="Runnable" seed="809479" result="Passed" start-time="2026-03-27 15:50:08Z" end-time="2026-03-27 15:50:08Z" duration="0.000180" asserts="0">
              <properties />
            </test-case>
            <test-case id="1485" name="DeployToBase_AddsUnitToBase" fullname="FWTCG.Tests.CardDeployerTests.DeployToBase_AddsUnitToBase" methodname="DeployToBase_AddsUnitToBase" classname="FWTCG.Tests.CardDeployerTests" runstate="Runnable" seed="56895553" result="Passed" start-time="2026-03-27 15:50:08Z" end-time="2026-03-27 15:50:08Z" duration="0.000145" asserts="0">
              <properties />
            </test-case>
            <test-case id="1493" name="DeployToBase_AppliesNextAllyBuff" fullname="FWTCG.Tests.CardDeployerTests.DeployToBase_AppliesNextAllyBuff" methodname="DeployToBase_AppliesNextAllyBuff" classname="FWTCG.Tests.CardDeployerTests" runstate="Runnable" seed="377164073" result="Passed" start-time="2026-03-27 15:50:08Z" end-time="2026-03-27 15:50:08Z" duration="0.000143" asserts="0">
              <properties />
            </test-case>
            <test-case id="1494" name="DeployToBase_CreatesNewUid_NotHandCardUid" fullname="FWTCG.Tests.CardDeployerTests.DeployToBase_CreatesNewUid_NotHandCardUid" methodname="DeployToBase_CreatesNewUid_NotHandCardUid" classname="FWTCG.Tests.CardDeployerTests" runstate="Runnable" seed="1894413030" result="Passed" start-time="2026-03-27 15:50:08Z" end-time="2026-03-27 15:50:08Z" duration="0.000190" asserts="0">
              <properties />
            </test-case>
            <test-case id="1486" name="DeployToBase_DeductsMana" fullname="FWTCG.Tests.CardDeployerTests.DeployToBase_DeductsMana" methodname="DeployToBase_DeductsMana" classname="FWTCG.Tests.CardDeployerTests" runstate="Runnable" seed="1144657811" result="Passed" start-time="2026-03-27 15:50:08Z" end-time="2026-03-27 15:50:08Z" duration="0.000141" asserts="0">
              <properties />
            </test-case>
            <test-case id="1487" name="DeployToBase_DeductsSch" fullname="FWTCG.Tests.CardDeployerTests.DeployToBase_DeductsSch" methodname="DeployToBase_DeductsSch" classname="FWTCG.Tests.CardDeployerTests" runstate="Runnable" seed="1848799809" result="Passed" start-time="2026-03-27 15:50:08Z" end-time="2026-03-27 15:50:08Z" duration="0.000216" asserts="0">
              <properties />
            </test-case>
            <test-case id="1489" name="DeployToBase_IncreasesCardsPlayedThisTurn" fullname="FWTCG.Tests.CardDeployerTests.DeployToBase_IncreasesCardsPlayedThisTurn" methodname="DeployToBase_IncreasesCardsPlayedThisTurn" classname="FWTCG.Tests.CardDeployerTests" runstate="Runnable" seed="674240791" result="Passed" start-time="2026-03-27 15:50:08Z" end-time="2026-03-27 15:50:08Z" duration="0.000141" asserts="0">
              <properties />
            </test-case>
            <test-case id="1488" name="DeployToBase_RemovesCardFromHand" fullname="FWTCG.Tests.CardDeployerTests.DeployToBase_RemovesCardFromHand" methodname="DeployToBase_RemovesCardFromHand" classname="FWTCG.Tests.CardDeployerTests" runstate="Runnable" seed="1206820702" result="Passed" start-time="2026-03-27 15:50:08Z" end-time="2026-03-27 15:50:08Z" duration="0.000137" asserts="0">
              <properties />
            </test-case>
            <test-case id="1491" name="DeployToBase_UnitIsActive_WhenEnterActiveTrue" fullname="FWTCG.Tests.CardDeployerTests.DeployToBase_UnitIsActive_WhenEnterActiveTrue" methodname="DeployToBase_UnitIsActive_WhenEnterActiveTrue" classname="FWTCG.Tests.CardDeployerTests" runstate="Runnable" seed="1548886752" result="Passed" start-time="2026-03-27 15:50:08Z" end-time="2026-03-27 15:50:08Z" duration="0.000125" asserts="0">
              <properties />
            </test-case>
            <test-case id="1492" name="DeployToBase_UnitIsActive_WhenRallyActive" fullname="FWTCG.Tests.CardDeployerTests.DeployToBase_UnitIsActive_WhenRallyActive" methodname="DeployToBase_UnitIsActive_WhenRallyActive" classname="FWTCG.Tests.CardDeployerTests" runstate="Runnable" seed="827053953" result="Passed" start-time="2026-03-27 15:50:08Z" end-time="2026-03-27 15:50:08Z" duration="0.000126" asserts="0">
              <properties />
            </test-case>
            <test-case id="1490" name="DeployToBase_UnitIsExhausted_ByDefault" fullname="FWTCG.Tests.CardDeployerTests.DeployToBase_UnitIsExhausted_ByDefault" methodname="DeployToBase_UnitIsExhausted_ByDefault" classname="FWTCG.Tests.CardDeployerTests" runstate="Runnable" seed="1488982771" result="Passed" start-time="2026-03-27 15:50:08Z" end-time="2026-03-27 15:50:08Z" duration="0.000114" asserts="0">
              <properties />
            </test-case>
            <test-case id="1495" name="DeployToBF_AddsUnitToSlot" fullname="FWTCG.Tests.CardDeployerTests.DeployToBF_AddsUnitToSlot" methodname="DeployToBF_AddsUnitToSlot" classname="FWTCG.Tests.CardDeployerTests" runstate="Runnable" seed="560179068" result="Passed" start-time="2026-03-27 15:50:08Z" end-time="2026-03-27 15:50:08Z" duration="0.000131" asserts="0">
              <properties />
            </test-case>
            <test-case id="1498" name="DeployToBF_InvalidBfId_ReturnsNull" fullname="FWTCG.Tests.CardDeployerTests.DeployToBF_InvalidBfId_ReturnsNull" methodname="DeployToBF_InvalidBfId_ReturnsNull" classname="FWTCG.Tests.CardDeployerTests" runstate="Runnable" seed="684362269" result="Passed" start-time="2026-03-27 15:50:08Z" end-time="2026-03-27 15:50:08Z" duration="0.000110" asserts="0">
              <properties />
            </test-case>
            <test-case id="1497" name="DeployToBF_UnitIsActive_WhenRallyActive" fullname="FWTCG.Tests.CardDeployerTests.DeployToBF_UnitIsActive_WhenRallyActive" methodname="DeployToBF_UnitIsActive_WhenRallyActive" classname="FWTCG.Tests.CardDeployerTests" runstate="Runnable" seed="1051062017" result="Passed" start-time="2026-03-27 15:50:08Z" end-time="2026-03-27 15:50:08Z" duration="0.000111" asserts="0">
              <properties />
            </test-case>
            <test-case id="1496" name="DeployToBF_UnitIsExhausted_ByDefault" fullname="FWTCG.Tests.CardDeployerTests.DeployToBF_UnitIsExhausted_ByDefault" methodname="DeployToBF_UnitIsExhausted_ByDefault" classname="FWTCG.Tests.CardDeployerTests" runstate="Runnable" seed="587730922" result="Passed" start-time="2026-03-27 15:50:08Z" end-time="2026-03-27 15:50:08Z" duration="0.000152" asserts="0">
              <properties />
            </test-case>
            <test-case id="1480" name="GetEffectiveCost_BalanceResolve_DiscountWhenOppNear8" fullname="FWTCG.Tests.CardDeployerTests.GetEffectiveCost_BalanceResolve_DiscountWhenOppNear8" methodname="GetEffectiveCost_BalanceResolve_DiscountWhenOppNear8" classname="FWTCG.Tests.CardDeployerTests" runstate="Runnable" seed="732266000" result="Passed" start-time="2026-03-27 15:50:08Z" end-time="2026-03-27 15:50:08Z" duration="0.000113" asserts="0">
              <properties />
            </test-case>
            <test-case id="1481" name="GetEffectiveCost_BalanceResolve_NoDiscountWhenOppFar" fullname="FWTCG.Tests.CardDeployerTests.GetEffectiveCost_BalanceResolve_NoDiscountWhenOppFar" methodname="GetEffectiveCost_BalanceResolve_NoDiscountWhenOppFar" classname="FWTCG.Tests.CardDeployerTests" runstate="Runnable" seed="72436316" result="Passed" start-time="2026-03-27 15:50:08Z" end-time="2026-03-27 15:50:08Z" duration="0.000091" asserts="0">
              <properties />
            </test-case>
            <test-case id="1479" name="GetEffectiveCost_NormalCard_ReturnsCost" fullname="FWTCG.Tests.CardDeployerTests.GetEffectiveCost_NormalCard_ReturnsCost" methodname="GetEffectiveCost_NormalCard_ReturnsCost" classname="FWTCG.Tests.CardDeployerTests" runstate="Runnable" seed="657573175" result="Passed" start-time="2026-03-27 15:50:08Z" end-time="2026-03-27 15:50:08Z" duration="0.000085" asserts="0">
              <properties />
            </test-case>
            <test-case id="1482" name="Mk_CreatesNewUid" fullname="FWTCG.Tests.CardDeployerTests.Mk_CreatesNewUid" methodname="Mk_CreatesNewUid" classname="FWTCG.Tests.CardDeployerTests" runstate="Runnable" seed="2019153599" result="Passed" start-time="2026-03-27 15:50:08Z" end-time="2026-03-27 15:50:08Z" duration="0.000086" asserts="0">
              <properties />
            </test-case>
            <test-case id="1484" name="Mk_ResetsRuntimeState" fullname="FWTCG.Tests.CardDeployerTests.Mk_ResetsRuntimeState" methodname="Mk_ResetsRuntimeState" classname="FWTCG.Tests.CardDeployerTests" runstate="Runnable" seed="925442322" result="Passed" start-time="2026-03-27 15:50:08Z" end-time="2026-03-27 15:50:08Z" duration="0.000104" asserts="0">
              <properties />
            </test-case>
            <test-case id="1483" name="Mk_SetsCurrentHpToAtk" fullname="FWTCG.Tests.CardDeployerTests.Mk_SetsCurrentHpToAtk" methodname="Mk_SetsCurrentHpToAtk" classname="FWTCG.Tests.CardDeployerTests" runstate="Runnable" seed="152282212" result="Passed" start-time="2026-03-27 15:50:08Z" end-time="2026-03-27 15:50:08Z" duration="0.000098" asserts="0">
              <properties />
            </test-case>
            <test-case id="1501" name="MoveUnit_Equipment_ForcedToBase" fullname="FWTCG.Tests.CardDeployerTests.MoveUnit_Equipment_ForcedToBase" methodname="MoveUnit_Equipment_ForcedToBase" classname="FWTCG.Tests.CardDeployerTests" runstate="Runnable" seed="107815827" result="Passed" start-time="2026-03-27 15:50:08Z" end-time="2026-03-27 15:50:08Z" duration="0.000181" asserts="0">
              <properties />
            </test-case>
            <test-case id="1499" name="MoveUnit_FromBaseToBF" fullname="FWTCG.Tests.CardDeployerTests.MoveUnit_FromBaseToBF" methodname="MoveUnit_FromBaseToBF" classname="FWTCG.Tests.CardDeployerTests" runstate="Runnable" seed="1751653230" result="Passed" start-time="2026-03-27 15:50:08Z" end-time="2026-03-27 15:50:08Z" duration="0.000152" asserts="0">
              <properties />
            </test-case>
            <test-case id="1500" name="MoveUnit_FromBFToBase" fullname="FWTCG.Tests.CardDeployerTests.MoveUnit_FromBFToBase" methodname="MoveUnit_FromBFToBase" classname="FWTCG.Tests.CardDeployerTests" runstate="Runnable" seed="217621338" result="Passed" start-time="2026-03-27 15:50:08Z" end-time="2026-03-27 15:50:08Z" duration="0.000136" asserts="0">
              <properties />
            </test-case>
            <test-case id="1502" name="MoveUnit_NoUnitDuplication" fullname="FWTCG.Tests.CardDeployerTests.MoveUnit_NoUnitDuplication" methodname="MoveUnit_NoUnitDuplication" classname="FWTCG.Tests.CardDeployerTests" runstate="Runnable" seed="981217296" result="Passed" start-time="2026-03-27 15:50:08Z" end-time="2026-03-27 15:50:08Z" duration="0.000156" asserts="0">
              <properties />
            </test-case>
            <test-case id="1521" name="OnSummon_DariusSecondCard_Bonus_WhenSecondCard" fullname="FWTCG.Tests.CardDeployerTests.OnSummon_DariusSecondCard_Bonus_WhenSecondCard" methodname="OnSummon_DariusSecondCard_Bonus_WhenSecondCard" classname="FWTCG.Tests.CardDeployerTests" runstate="Runnable" seed="1799495939" result="Passed" start-time="2026-03-27 15:50:08Z" end-time="2026-03-27 15:50:08Z" duration="0.000117" asserts="0">
              <properties />
            </test-case>
            <test-case id="1522" name="OnSummon_DariusSecondCard_NoBonus_WhenFirstCard" fullname="FWTCG.Tests.CardDeployerTests.OnSummon_DariusSecondCard_NoBonus_WhenFirstCard" methodname="OnSummon_DariusSecondCard_NoBonus_WhenFirstCard" classname="FWTCG.Tests.CardDeployerTests" runstate="Runnable" seed="1870480228" result="Passed" start-time="2026-03-27 15:50:08Z" end-time="2026-03-27 15:50:08Z" duration="0.000097" asserts="0">
              <properties />
            </test-case>
            <test-case id="1524" name="OnSummon_MalphEnter_BonusPerHoldAlly" fullname="FWTCG.Tests.CardDeployerTests.OnSummon_MalphEnter_BonusPerHoldAlly" methodname="OnSummon_MalphEnter_BonusPerHoldAlly" classname="FWTCG.Tests.CardDeployerTests" runstate="Runnable" seed="1302399098" result="Passed" start-time="2026-03-27 15:50:08Z" end-time="2026-03-27 15:50:08Z" duration="0.000233" asserts="0">
              <properties />
            </test-case>
            <test-case id="1519" name="OnSummon_NextAllyBuff_Applied" fullname="FWTCG.Tests.CardDeployerTests.OnSummon_NextAllyBuff_Applied" methodname="OnSummon_NextAllyBuff_Applied" classname="FWTCG.Tests.CardDeployerTests" runstate="Runnable" seed="256293105" result="Passed" start-time="2026-03-27 15:50:08Z" end-time="2026-03-27 15:50:08Z" duration="0.000119" asserts="0">
              <properties />
            </test-case>
            <test-case id="1523" name="OnSummon_ThousandTail_DebuffsAllEnemies" fullname="FWTCG.Tests.CardDeployerTests.OnSummon_ThousandTail_DebuffsAllEnemies" methodname="OnSummon_ThousandTail_DebuffsAllEnemies" classname="FWTCG.Tests.CardDeployerTests" runstate="Runnable" seed="2087852880" result="Passed" start-time="2026-03-27 15:50:08Z" end-time="2026-03-27 15:50:08Z" duration="0.000344" asserts="0">
              <properties />
            </test-case>
            <test-case id="1520" name="OnSummon_YordelInstructor_DrawsCard" fullname="FWTCG.Tests.CardDeployerTests.OnSummon_YordelInstructor_DrawsCard" methodname="OnSummon_YordelInstructor_DrawsCard" classname="FWTCG.Tests.CardDeployerTests" runstate="Runnable" seed="597816093" result="Passed" start-time="2026-03-27 15:50:08Z" end-time="2026-03-27 15:50:08Z" duration="0.000162" asserts="0">
              <properties />
            </test-case>
            <test-case id="1515" name="TriggerDeathwish_AlertSentinel_DrawsCard" fullname="FWTCG.Tests.CardDeployerTests.TriggerDeathwish_AlertSentinel_DrawsCard" methodname="TriggerDeathwish_AlertSentinel_DrawsCard" classname="FWTCG.Tests.CardDeployerTests" runstate="Runnable" seed="1623493624" result="Passed" start-time="2026-03-27 15:50:08Z" end-time="2026-03-27 15:50:08Z" duration="0.000145" asserts="0">
              <properties />
            </test-case>
            <test-case id="1517" name="TriggerDeathwish_Voidling_CreatesFragmentInHand" fullname="FWTCG.Tests.CardDeployerTests.TriggerDeathwish_Voidling_CreatesFragmentInHand" methodname="TriggerDeathwish_Voidling_CreatesFragmentInHand" classname="FWTCG.Tests.CardDeployerTests" runstate="Runnable" seed="1581491953" result="Passed" start-time="2026-03-27 15:50:08Z" end-time="2026-03-27 15:50:08Z" duration="0.000119" asserts="0">
              <properties />
            </test-case>
            <test-case id="1518" name="TriggerDeathwish_Voidling_NoFragment_WhenHandFull" fullname="FWTCG.Tests.CardDeployerTests.TriggerDeathwish_Voidling_NoFragment_WhenHandFull" methodname="TriggerDeathwish_Voidling_NoFragment_WhenHandFull" classname="FWTCG.Tests.CardDeployerTests" runstate="Runnable" seed="169262990" result="Passed" start-time="2026-03-27 15:50:08Z" end-time="2026-03-27 15:50:08Z" duration="0.000209" asserts="0">
              <properties />
            </test-case>
            <test-case id="1516" name="TriggerDeathwish_VoidSentinel_IncreasesNextAllyBuff" fullname="FWTCG.Tests.CardDeployerTests.TriggerDeathwish_VoidSentinel_IncreasesNextAllyBuff" methodname="TriggerDeathwish_VoidSentinel_IncreasesNextAllyBuff" classname="FWTCG.Tests.CardDeployerTests" runstate="Runnable" seed="999942505" result="Passed" start-time="2026-03-27 15:50:08Z" end-time="2026-03-27 15:50:08Z" duration="0.000110" asserts="0">
              <properties />
            </test-case>
            <test-case id="1513" name="TryDeathShield_ReturnsFalse_WhenNoShield" fullname="FWTCG.Tests.CardDeployerTests.TryDeathShield_ReturnsFalse_WhenNoShield" methodname="TryDeathShield_ReturnsFalse_WhenNoShield" classname="FWTCG.Tests.CardDeployerTests" runstate="Runnable" seed="513106844" result="Passed" start-time="2026-03-27 15:50:08Z" end-time="2026-03-27 15:50:08Z" duration="0.000093" asserts="0">
              <properties />
            </test-case>
            <test-case id="1514" name="TryDeathShield_SavesUnit_AndDestroysShield" fullname="FWTCG.Tests.CardDeployerTests.TryDeathShield_SavesUnit_AndDestroysShield" methodname="TryDeathShield_SavesUnit_AndDestroysShield" classname="FWTCG.Tests.CardDeployerTests" runstate="Runnable" seed="2087574768" result="Passed" start-time="2026-03-27 15:50:08Z" end-time="2026-03-27 15:50:08Z" duration="0.000217" asserts="0">
              <properties />
            </test-case>
          </test-suite>
          <test-suite type="TestFixture" id="1525" name="CardInstanceTests" fullname="FWTCG.Tests.CardInstanceTests" classname="FWTCG.Tests.CardInstanceTests" runstate="Runnable" testcasecount="9" result="Passed" start-time="2026-03-27 15:50:08Z" end-time="2026-03-27 15:50:08Z" duration="0.002049" total="9" passed="9" failed="0" inconclusive="0" skipped="0" asserts="0">
            <properties />
            <test-case id="1528" name="EffectiveAtk_IncludesTurnBuff" fullname="FWTCG.Tests.CardInstanceTests.EffectiveAtk_IncludesTurnBuff" methodname="EffectiveAtk_IncludesTurnBuff" classname="FWTCG.Tests.CardInstanceTests" runstate="Runnable" seed="266122685" result="Passed" start-time="2026-03-27 15:50:08Z" end-time="2026-03-27 15:50:08Z" duration="0.000254" asserts="0">
              <properties />
            </test-case>
            <test-case id="1529" name="EffectiveAtk_MinimumOne" fullname="FWTCG.Tests.CardInstanceTests.EffectiveAtk_MinimumOne" methodname="EffectiveAtk_MinimumOne" classname="FWTCG.Tests.CardInstanceTests" runstate="Runnable" seed="395524649" result="Passed" start-time="2026-03-27 15:50:08Z" end-time="2026-03-27 15:50:08Z" duration="0.000123" asserts="0">
              <properties />
            </test-case>
            <test-case id="1530" name="EffectiveAtk_NegativeTurnBuff_Clamps" fullname="FWTCG.Tests.CardInstanceTests.EffectiveAtk_NegativeTurnBuff_Clamps" methodname="EffectiveAtk_NegativeTurnBuff_Clamps" classname="FWTCG.Tests.CardInstanceTests" runstate="Runnable" seed="112222341" result="Passed" start-time="2026-03-27 15:50:08Z" end-time="2026-03-27 15:50:08Z" duration="0.000092" asserts="0">
              <properties />
            </test-case>
            <test-case id="1533" name="IsPowerful_ConsidersTurnBuff" fullname="FWTCG.Tests.CardInstanceTests.IsPowerful_ConsidersTurnBuff" methodname="IsPowerful_ConsidersTurnBuff" classname="FWTCG.Tests.CardInstanceTests" runstate="Runnable" seed="1559721574" result="Passed" start-time="2026-03-27 15:50:08Z" end-time="2026-03-27 15:50:08Z" duration="0.000105" asserts="0">
              <properties />
            </test-case>
            <test-case id="1532" name="IsPowerful_TrueWhenEffectiveAtkGe5" fullname="FWTCG.Tests.CardInstanceTests.IsPowerful_TrueWhenEffectiveAtkGe5" methodname="IsPowerful_TrueWhenEffectiveAtkGe5" classname="FWTCG.Tests.CardInstanceTests" runstate="Runnable" seed="2076493154" result="Passed" start-time="2026-03-27 15:50:08Z" end-time="2026-03-27 15:50:08Z" duration="0.000100" asserts="0">
              <properties />
            </test-case>
            <test-case id="1526" name="Mk_AssignsIncrementingUids" fullname="FWTCG.Tests.CardInstanceTests.Mk_AssignsIncrementingUids" methodname="Mk_AssignsIncrementingUids" classname="FWTCG.Tests.CardInstanceTests" runstate="Runnable" seed="2099558601" result="Passed" start-time="2026-03-27 15:50:08Z" end-time="2026-03-27 15:50:08Z" duration="0.000096" asserts="0">
              <properties />
            </test-case>
            <test-case id="1527" name="Mk_CurrentHp_EqualsAtk_ForFollower" fullname="FWTCG.Tests.CardInstanceTests.Mk_CurrentHp_EqualsAtk_ForFollower" methodname="Mk_CurrentHp_EqualsAtk_ForFollower" classname="FWTCG.Tests.CardInstanceTests" runstate="Runnable" seed="552008907" result="Passed" start-time="2026-03-27 15:50:08Z" end-time="2026-03-27 15:50:08Z" duration="0.000099" asserts="0">
              <properties />
            </test-case>
            <test-case id="1531" name="Mk_InitialState_Correct" fullname="FWTCG.Tests.CardInstanceTests.Mk_InitialState_Correct" methodname="Mk_InitialState_Correct" classname="FWTCG.Tests.CardInstanceTests" runstate="Runnable" seed="1991305611" result="Passed" start-time="2026-03-27 15:50:08Z" end-time="2026-03-27 15:50:08Z" duration="0.000237" asserts="0">
              <properties />
            </test-case>
            <test-case id="1534" name="Mk_StrongAtkBonus_DefaultOne" fullname="FWTCG.Tests.CardInstanceTests.Mk_StrongAtkBonus_DefaultOne" methodname="Mk_StrongAtkBonus_DefaultOne" classname="FWTCG.Tests.CardInstanceTests" runstate="Runnable" seed="1963173146" result="Passed" start-time="2026-03-27 15:50:08Z" end-time="2026-03-27 15:50:08Z" duration="0.000101" asserts="0">
              <properties />
            </test-case>
          </test-suite>
          <test-suite type="TestFixture" id="1543" name="CombatResolverTests" fullname="FWTCG.Tests.CombatResolverTests" classname="FWTCG.Tests.CombatResolverTests" runstate="Runnable" testcasecount="28" result="Passed" start-time="2026-03-27 15:50:08Z" end-time="2026-03-27 15:50:08Z" duration="0.023882" total="28" passed="28" failed="0" inconclusive="0" skipped="0" asserts="0">
            <properties />
            <test-case id="1566" name="CleanDead_DeathShield_SavesUnit" fullname="FWTCG.Tests.CombatResolverTests.CleanDead_DeathShield_SavesUnit" methodname="CleanDead_DeathShield_SavesUnit" classname="FWTCG.Tests.CombatResolverTests" runstate="Runnable" seed="1261479037" result="Passed" start-time="2026-03-27 15:50:08Z" end-time="2026-03-27 15:50:08Z" duration="0.000701" asserts="0">
              <properties />
            </test-case>
            <test-case id="1565" name="CleanDead_Equipment_RecalledToBase" fullname="FWTCG.Tests.CombatResolverTests.CleanDead_Equipment_RecalledToBase" methodname="CleanDead_Equipment_RecalledToBase" classname="FWTCG.Tests.CombatResolverTests" runstate="Runnable" seed="1581366984" result="Passed" start-time="2026-03-27 15:50:08Z" end-time="2026-03-27 15:50:08Z" duration="0.000293" asserts="0">
              <properties />
            </test-case>
            <test-case id="1544" name="RoleAtk_Base_NormalUnit" fullname="FWTCG.Tests.CombatResolverTests.RoleAtk_Base_NormalUnit" methodname="RoleAtk_Base_NormalUnit" classname="FWTCG.Tests.CombatResolverTests" runstate="Runnable" seed="944092578" result="Passed" start-time="2026-03-27 15:50:08Z" end-time="2026-03-27 15:50:08Z" duration="0.000128" asserts="0">
              <properties />
            </test-case>
            <test-case id="1547" name="RoleAtk_Guard_AppliesAsDefender" fullname="FWTCG.Tests.CombatResolverTests.RoleAtk_Guard_AppliesAsDefender" methodname="RoleAtk_Guard_AppliesAsDefender" classname="FWTCG.Tests.CombatResolverTests" runstate="Runnable" seed="115744403" result="Passed" start-time="2026-03-27 15:50:08Z" end-time="2026-03-27 15:50:08Z" duration="0.000136" asserts="0">
              <properties />
            </test-case>
            <test-case id="1548" name="RoleAtk_Guard_NoBonus_AsAttacker" fullname="FWTCG.Tests.CombatResolverTests.RoleAtk_Guard_NoBonus_AsAttacker" methodname="RoleAtk_Guard_NoBonus_AsAttacker" classname="FWTCG.Tests.CombatResolverTests" runstate="Runnable" seed="618522906" result="Passed" start-time="2026-03-27 15:50:08Z" end-time="2026-03-27 15:50:08Z" duration="0.000139" asserts="0">
              <properties />
            </test-case>
            <test-case id="1550" name="RoleAtk_MinimumOne" fullname="FWTCG.Tests.CombatResolverTests.RoleAtk_MinimumOne" methodname="RoleAtk_MinimumOne" classname="FWTCG.Tests.CombatResolverTests" runstate="Runnable" seed="1837831058" result="Passed" start-time="2026-03-27 15:50:08Z" end-time="2026-03-27 15:50:08Z" duration="0.000124" asserts="0">
              <properties />
            </test-case>
            <test-case id="1545" name="RoleAtk_StrongAtk_AppliesAsAttacker" fullname="FWTCG.Tests.CombatResolverTests.RoleAtk_StrongAtk_AppliesAsAttacker" methodname="RoleAtk_StrongAtk_AppliesAsAttacker" classname="FWTCG.Tests.CombatResolverTests" runstate="Runnable" seed="1122941373" result="Passed" start-time="2026-03-27 15:50:08Z" end-time="2026-03-27 15:50:08Z" duration="0.000199" asserts="0">
              <properties />
            </test-case>
            <test-case id="1546" name="RoleAtk_StrongAtk_NoBonus_AsDefender" fullname="FWTCG.Tests.CombatResolverTests.RoleAtk_StrongAtk_NoBonus_AsDefender" methodname="RoleAtk_StrongAtk_NoBonus_AsDefender" classname="FWTCG.Tests.CombatResolverTests" runstate="Runnable" seed="320613595" result="Passed" start-time="2026-03-27 15:50:08Z" end-time="2026-03-27 15:50:08Z" duration="0.000151" asserts="0">
              <properties />
            </test-case>
            <test-case id="1549" name="RoleAtk_TurnBuff_Included" fullname="FWTCG.Tests.CombatResolverTests.RoleAtk_TurnBuff_Included" methodname="RoleAtk_TurnBuff_Included" classname="FWTCG.Tests.CombatResolverTests" runstate="Runnable" seed="1357562232" result="Passed" start-time="2026-03-27 15:50:08Z" end-time="2026-03-27 15:50:08Z" duration="0.000101" asserts="0">
              <properties />
            </test-case>
            <test-case id="1556" name="TriggerCombat_Barrier_AbsorbsFirst" fullname="FWTCG.Tests.CombatResolverTests.TriggerCombat_Barrier_AbsorbsFirst" methodname="TriggerCombat_Barrier_AbsorbsFirst" classname="FWTCG.Tests.CombatResolverTests" runstate="Runnable" seed="31045086" result="Passed" start-time="2026-03-27 15:50:08Z" end-time="2026-03-27 15:50:08Z" duration="0.000279" asserts="0">
              <properties />
            </test-case>
            <test-case id="1554" name="TriggerCombat_BothDead" fullname="FWTCG.Tests.CombatResolverTests.TriggerCombat_BothDead" methodname="TriggerCombat_BothDead" classname="FWTCG.Tests.CombatResolverTests" runstate="Runnable" seed="1635388893" result="Passed" start-time="2026-03-27 15:50:08Z" end-time="2026-03-27 15:50:08Z" duration="0.000223" asserts="0">
              <properties />
            </test-case>
            <test-case id="1564" name="TriggerCombat_BothDead_BothInDiscard" fullname="FWTCG.Tests.CombatResolverTests.TriggerCombat_BothDead_BothInDiscard" methodname="TriggerCombat_BothDead_BothInDiscard" classname="FWTCG.Tests.CombatResolverTests" runstate="Runnable" seed="424038443" result="Passed" start-time="2026-03-27 15:50:08Z" end-time="2026-03-27 15:50:08Z" duration="0.000171" asserts="0">
              <properties />
            </test-case>
            <test-case id="1551" name="TriggerCombat_Conquer_AtkKillsDef" fullname="FWTCG.Tests.CombatResolverTests.TriggerCombat_Conquer_AtkKillsDef" methodname="TriggerCombat_Conquer_AtkKillsDef" classname="FWTCG.Tests.CombatResolverTests" runstate="Runnable" seed="893434912" result="Passed" start-time="2026-03-27 15:50:08Z" end-time="2026-03-27 15:50:08Z" duration="0.000205" asserts="0">
              <properties />
            </test-case>
            <test-case id="1559" name="TriggerCombat_Conquer_NoDoubleScore_IfAlreadyConqDone" fullname="FWTCG.Tests.CombatResolverTests.TriggerCombat_Conquer_NoDoubleScore_IfAlreadyConqDone" methodname="TriggerCombat_Conquer_NoDoubleScore_IfAlreadyConqDone" classname="FWTCG.Tests.CombatResolverTests" runstate="Runnable" seed="1005523016" result="Passed" start-time="2026-03-27 15:50:08Z" end-time="2026-03-27 15:50:08Z" duration="0.000182" asserts="0">
              <properties />
            </test-case>
            <test-case id="1560" name="TriggerCombat_Conquer_NoScoreIfAlreadyControlled" fullname="FWTCG.Tests.CombatResolverTests.TriggerCombat_Conquer_NoScoreIfAlreadyControlled" methodname="TriggerCombat_Conquer_NoScoreIfAlreadyControlled" classname="FWTCG.Tests.CombatResolverTests" runstate="Runnable" seed="915970054" result="Passed" start-time="2026-03-27 15:50:08Z" end-time="2026-03-27 15:50:08Z" duration="0.000183" asserts="0">
              <properties />
            </test-case>
            <test-case id="1563" name="TriggerCombat_DeadUnitGoesToDiscard" fullname="FWTCG.Tests.CombatResolverTests.TriggerCombat_DeadUnitGoesToDiscard" methodname="TriggerCombat_DeadUnitGoesToDiscard" classname="FWTCG.Tests.CombatResolverTests" runstate="Runnable" seed="1219813849" result="Passed" start-time="2026-03-27 15:50:08Z" end-time="2026-03-27 15:50:08Z" duration="0.000174" asserts="0">
              <properties />
            </test-case>
            <test-case id="1552" name="TriggerCombat_Defend_DefKillsAtk" fullname="FWTCG.Tests.CombatResolverTests.TriggerCombat_Defend_DefKillsAtk" methodname="TriggerCombat_Defend_DefKillsAtk" classname="FWTCG.Tests.CombatResolverTests" runstate="Runnable" seed="873989178" result="Passed" start-time="2026-03-27 15:50:08Z" end-time="2026-03-27 15:50:08Z" duration="0.000219" asserts="0">
              <properties />
            </test-case>
            <test-case id="1553" name="TriggerCombat_Draw_BothAlive_AtkRetreats" fullname="FWTCG.Tests.CombatResolverTests.TriggerCombat_Draw_BothAlive_AtkRetreats" methodname="TriggerCombat_Draw_BothAlive_AtkRetreats" classname="FWTCG.Tests.CombatResolverTests" runstate="Runnable" seed="712997644" result="Passed" start-time="2026-03-27 15:50:08Z" end-time="2026-03-27 15:50:08Z" duration="0.000218" asserts="0">
              <properties />
            </test-case>
            <test-case id="1571" name="TriggerCombat_DrawRetreater_IsExhausted" fullname="FWTCG.Tests.CombatResolverTests.TriggerCombat_DrawRetreater_IsExhausted" methodname="TriggerCombat_DrawRetreater_IsExhausted" classname="FWTCG.Tests.CombatResolverTests" runstate="Runnable" seed="1380555997" result="Passed" start-time="2026-03-27 15:50:08Z" end-time="2026-03-27 15:50:08Z" duration="0.000153" asserts="0">
              <properties />
            </test-case>
            <test-case id="1561" name="TriggerCombat_EnemyConquers_EnemyScoreIncrement" fullname="FWTCG.Tests.CombatResolverTests.TriggerCombat_EnemyConquers_EnemyScoreIncrement" methodname="TriggerCombat_EnemyConquers_EnemyScoreIncrement" classname="FWTCG.Tests.CombatResolverTests" runstate="Runnable" seed="1783015324" result="Passed" start-time="2026-03-27 15:50:08Z" end-time="2026-03-27 15:50:08Z" duration="0.000225" asserts="0">
              <properties />
            </test-case>
            <test-case id="1570" name="TriggerCombat_InvalidBfId_ReturnsBothDead" fullname="FWTCG.Tests.CombatResolverTests.TriggerCombat_InvalidBfId_ReturnsBothDead" methodname="TriggerCombat_InvalidBfId_ReturnsBothDead" classname="FWTCG.Tests.CombatResolverTests" runstate="Runnable" seed="730085188" result="Passed" start-time="2026-03-27 15:50:08Z" end-time="2026-03-27 15:50:08Z" duration="0.000111" asserts="0">
              <properties />
            </test-case>
            <test-case id="1569" name="TriggerCombat_MultiUnit_TotalPower" fullname="FWTCG.Tests.CombatResolverTests.TriggerCombat_MultiUnit_TotalPower" methodname="TriggerCombat_MultiUnit_TotalPower" classname="FWTCG.Tests.CombatResolverTests" runstate="Runnable" seed="526195066" result="Passed" start-time="2026-03-27 15:50:08Z" end-time="2026-03-27 15:50:08Z" duration="0.000198" asserts="0">
              <properties />
            </test-case>
            <test-case id="1555" name="TriggerCombat_Stunned_DealsZero" fullname="FWTCG.Tests.CombatResolverTests.TriggerCombat_Stunned_DealsZero" methodname="TriggerCombat_Stunned_DealsZero" classname="FWTCG.Tests.CombatResolverTests" runstate="Runnable" seed="1926550690" result="Passed" start-time="2026-03-27 15:50:08Z" end-time="2026-03-27 15:50:08Z" duration="0.000185" asserts="0">
              <properties />
            </test-case>
            <test-case id="1562" name="TriggerCombat_SurvivorHpReset" fullname="FWTCG.Tests.CombatResolverTests.TriggerCombat_SurvivorHpReset" methodname="TriggerCombat_SurvivorHpReset" classname="FWTCG.Tests.CombatResolverTests" runstate="Runnable" seed="646981668" result="Passed" start-time="2026-03-27 15:50:08Z" end-time="2026-03-27 15:50:08Z" duration="0.000157" asserts="0">
              <properties />
            </test-case>
            <test-case id="1568" name="TriggerCombat_TracksEnemyDmgDealt" fullname="FWTCG.Tests.CombatResolverTests.TriggerCombat_TracksEnemyDmgDealt" methodname="TriggerCombat_TracksEnemyDmgDealt" classname="FWTCG.Tests.CombatResolverTests" runstate="Runnable" seed="1150635079" result="Passed" start-time="2026-03-27 15:50:08Z" end-time="2026-03-27 15:50:08Z" duration="0.000150" asserts="0">
              <properties />
            </test-case>
            <test-case id="1567" name="TriggerCombat_TracksPlayerDmgDealt" fullname="FWTCG.Tests.CombatResolverTests.TriggerCombat_TracksPlayerDmgDealt" methodname="TriggerCombat_TracksPlayerDmgDealt" classname="FWTCG.Tests.CombatResolverTests" runstate="Runnable" seed="98487456" result="Passed" start-time="2026-03-27 15:50:08Z" end-time="2026-03-27 15:50:08Z" duration="0.000147" asserts="0">
              <properties />
            </test-case>
            <test-case id="1558" name="TriggerCombat_Trample_DefenderSide_OverflowToPlayerLeg" fullname="FWTCG.Tests.CombatResolverTests.TriggerCombat_Trample_DefenderSide_OverflowToPlayerLeg" methodname="TriggerCombat_Trample_DefenderSide_OverflowToPlayerLeg" classname="FWTCG.Tests.CombatResolverTests" runstate="Runnable" seed="248363880" result="Passed" start-time="2026-03-27 15:50:08Z" end-time="2026-03-27 15:50:08Z" duration="0.000206" asserts="0">
              <properties />
            </test-case>
            <test-case id="1557" name="TriggerCombat_Trample_OverflowToLegend" fullname="FWTCG.Tests.CombatResolverTests.TriggerCombat_Trample_OverflowToLegend" methodname="TriggerCombat_Trample_OverflowToLegend" classname="FWTCG.Tests.CombatResolverTests" runstate="Runnable" seed="1180988769" result="Passed" start-time="2026-03-27 15:50:08Z" end-time="2026-03-27 15:50:08Z" duration="0.000209" asserts="0">
              <properties />
            </test-case>
          </test-suite>
          <test-suite type="TestFixture" id="1572" name="EquipmentSystemTests" fullname="FWTCG.Tests.EquipmentSystemTests" classname="FWTCG.Tests.EquipmentSystemTests" runstate="Runnable" testcasecount="21" result="Passed" start-time="2026-03-27 15:50:08Z" end-time="2026-03-27 15:50:08Z" duration="0.013768" total="21" passed="21" failed="0" inconclusive="0" skipped="0" asserts="0">
            <properties />
            <test-case id="1591" name="ActivateEquipAbility_InsufficientSch_ReturnsFalse" fullname="FWTCG.Tests.EquipmentSystemTests.ActivateEquipAbility_InsufficientSch_ReturnsFalse" methodname="ActivateEquipAbility_InsufficientSch_ReturnsFalse" classname="FWTCG.Tests.EquipmentSystemTests" runstate="Runnable" seed="1592796655" result="Passed" start-time="2026-03-27 15:50:08Z" end-time="2026-03-27 15:50:08Z" duration="0.000916" asserts="0">
              <properties />
            </test-case>
[...]
              <properties />
            </test-case>
            <test-case id="1693" name="GetEffectiveCost_BalanceResolve_DiscountWhenOpponentClose" fullname="FWTCG.Tests.SpellSystemTests.GetEffectiveCost_BalanceResolve_DiscountWhenOpponentClose" methodname="GetEffectiveCost_BalanceResolve_DiscountWhenOpponentClose" classname="FWTCG.Tests.SpellSystemTests" runstate="Runnable" seed="1675371926" result="Passed" start-time="2026-03-27 15:50:08Z" end-time="2026-03-27 15:50:08Z" duration="0.000175" asserts="0">
              <properties />
            </test-case>
            <test-case id="1694" name="GetEffectiveCost_BalanceResolve_NoDiscountWhenOpponentFar" fullname="FWTCG.Tests.SpellSystemTests.GetEffectiveCost_BalanceResolve_NoDiscountWhenOpponentFar" methodname="GetEffectiveCost_BalanceResolve_NoDiscountWhenOpponentFar" classname="FWTCG.Tests.SpellSystemTests" runstate="Runnable" seed="534410475" result="Passed" start-time="2026-03-27 15:50:08Z" end-time="2026-03-27 15:50:08Z" duration="0.000139" asserts="0">
              <properties />
            </test-case>
            <test-case id="1692" name="GetEffectiveCost_NormalSpell_ReturnsBaseCost" fullname="FWTCG.Tests.SpellSystemTests.GetEffectiveCost_NormalSpell_ReturnsBaseCost" methodname="GetEffectiveCost_NormalSpell_ReturnsBaseCost" classname="FWTCG.Tests.SpellSystemTests" runstate="Runnable" seed="1279168318" result="Passed" start-time="2026-03-27 15:50:08Z" end-time="2026-03-27 15:50:08Z" duration="0.000094" asserts="0">
              <properties />
            </test-case>
            <test-case id="1702" name="GetSpellTargets_BuffAlly_ReturnsMyUnitsExcludingBuffToken" fullname="FWTCG.Tests.SpellSystemTests.GetSpellTargets_BuffAlly_ReturnsMyUnitsExcludingBuffToken" methodname="GetSpellTargets_BuffAlly_ReturnsMyUnitsExcludingBuffToken" classname="FWTCG.Tests.SpellSystemTests" runstate="Runnable" seed="619093947" result="Passed" start-time="2026-03-27 15:50:08Z" end-time="2026-03-27 15:50:08Z" duration="0.000218" asserts="0">
              <properties />
            </test-case>
            <test-case id="1703" name="GetSpellTargets_Deal3_ReturnsOnlyEnemyBFUnits" fullname="FWTCG.Tests.SpellSystemTests.GetSpellTargets_Deal3_ReturnsOnlyEnemyBFUnits" methodname="GetSpellTargets_Deal3_ReturnsOnlyEnemyBFUnits" classname="FWTCG.Tests.SpellSystemTests" runstate="Runnable" seed="518745668" result="Passed" start-time="2026-03-27 15:50:08Z" end-time="2026-03-27 15:50:08Z" duration="0.000205" asserts="0">
              <properties />
            </test-case>
            <test-case id="1706" name="GetSpellTargets_Deal4Draw_ReturnsAllBFUnits" fullname="FWTCG.Tests.SpellSystemTests.GetSpellTargets_Deal4Draw_ReturnsAllBFUnits" methodname="GetSpellTargets_Deal4Draw_ReturnsAllBFUnits" classname="FWTCG.Tests.SpellSystemTests" runstate="Runnable" seed="800039202" result="Passed" start-time="2026-03-27 15:50:08Z" end-time="2026-03-27 15:50:08Z" duration="0.000213" asserts="0">
              <properties />
            </test-case>
            <test-case id="1704" name="GetSpellTargets_RallyCall_ReturnsNull" fullname="FWTCG.Tests.SpellSystemTests.GetSpellTargets_RallyCall_ReturnsNull" methodname="GetSpellTargets_RallyCall_ReturnsNull" classname="FWTCG.Tests.SpellSystemTests" runstate="Runnable" seed="299981236" result="Passed" start-time="2026-03-27 15:50:08Z" end-time="2026-03-27 15:50:08Z" duration="0.000105" asserts="0">
              <properties />
            </test-case>
            <test-case id="1705" name="GetSpellTargets_StunManual_ReturnsOnlyEnemyBFUnits" fullname="FWTCG.Tests.SpellSystemTests.GetSpellTargets_StunManual_ReturnsOnlyEnemyBFUnits" methodname="GetSpellTargets_StunManual_ReturnsOnlyEnemyBFUnits" classname="FWTCG.Tests.SpellSystemTests" runstate="Runnable" seed="2107667905" result="Passed" start-time="2026-03-27 15:50:08Z" end-time="2026-03-27 15:50:08Z" duration="0.000181" asserts="0">
              <properties />
            </test-case>
            <test-case id="1707" name="HasPlayableReactionCards_HasAffordableReaction_ReturnsTrue" fullname="FWTCG.Tests.SpellSystemTests.HasPlayableReactionCards_HasAffordableReaction_ReturnsTrue" methodname="HasPlayableReactionCards_HasAffordableReaction_ReturnsTrue" classname="FWTCG.Tests.SpellSystemTests" runstate="Runnable" seed="1074800767" result="Passed" start-time="2026-03-27 15:50:08Z" end-time="2026-03-27 15:50:08Z" duration="0.000299" asserts="0">
              <properties />
            </test-case>
            <test-case id="1708" name="HasPlayableReactionCards_InsufficientMana_ReturnsFalse" fullname="FWTCG.Tests.SpellSystemTests.HasPlayableReactionCards_InsufficientMana_ReturnsFalse" methodname="HasPlayableReactionCards_InsufficientMana_ReturnsFalse" classname="FWTCG.Tests.SpellSystemTests" runstate="Runnable" seed="1353307431" result="Passed" start-time="2026-03-27 15:50:08Z" end-time="2026-03-27 15:50:08Z" duration="0.000332" asserts="0">
              <properties />
            </test-case>
            <test-case id="1709" name="HasPlayableReactionCards_PlayerTurn_ReturnsFalse" fullname="FWTCG.Tests.SpellSystemTests.HasPlayableReactionCards_PlayerTurn_ReturnsFalse" methodname="HasPlayableReactionCards_PlayerTurn_ReturnsFalse" classname="FWTCG.Tests.SpellSystemTests" runstate="Runnable" seed="1923020110" result="Passed" start-time="2026-03-27 15:50:08Z" end-time="2026-03-27 15:50:08Z" duration="0.000174" asserts="0">
              <properties />
            </test-case>
            <test-case id="1746" name="SkipDuel_BothSidesSkip_EndsDuel" fullname="FWTCG.Tests.SpellSystemTests.SkipDuel_BothSidesSkip_EndsDuel" methodname="SkipDuel_BothSidesSkip_EndsDuel" classname="FWTCG.Tests.SpellSystemTests" runstate="Runnable" seed="445140628" result="Passed" start-time="2026-03-27 15:50:08Z" end-time="2026-03-27 15:50:08Z" duration="0.000236" asserts="0">
              <properties />
            </test-case>
            <test-case id="1745" name="StartSpellDuel_SetsDuelActive" fullname="FWTCG.Tests.SpellSystemTests.StartSpellDuel_SetsDuelActive" methodname="StartSpellDuel_SetsDuelActive" classname="FWTCG.Tests.SpellSystemTests" runstate="Runnable" seed="1733033664" result="Passed" start-time="2026-03-27 15:50:08Z" end-time="2026-03-27 15:50:08Z" duration="0.000179" asserts="0">
              <properties />
            </test-case>
          </test-suite>
          <test-suite type="TestFixture" id="1754" name="TurnManagerTests" fullname="FWTCG.Tests.TurnManagerTests" classname="FWTCG.Tests.TurnManagerTests" runstate="Runnable" testcasecount="29" result="Passed" start-time="2026-03-27 15:50:08Z" end-time="2026-03-27 15:50:08Z" duration="0.007525" total="29" passed="29" failed="0" inconclusive="0" skipped="0" asserts="0">
            <properties />
            <test-case id="1779" name="AddScore_Conquer_AtWinMinus1_AllowedIfAllBfConquered" fullname="FWTCG.Tests.TurnManagerTests.AddScore_Conquer_AtWinMinus1_AllowedIfAllBfConquered" methodname="AddScore_Conquer_AtWinMinus1_AllowedIfAllBfConquered" classname="FWTCG.Tests.TurnManagerTests" runstate="Runnable" seed="1643648648" result="Passed" start-time="2026-03-27 15:50:08Z" end-time="2026-03-27 15:50:08Z" duration="0.000436" asserts="0">
              <properties />
            </test-case>
            <test-case id="1778" name="AddScore_Conquer_AtWinMinus1_BlockedIfNotAllBfConquered" fullname="FWTCG.Tests.TurnManagerTests.AddScore_Conquer_AtWinMinus1_BlockedIfNotAllBfConquered" methodname="AddScore_Conquer_AtWinMinus1_BlockedIfNotAllBfConquered" classname="FWTCG.Tests.TurnManagerTests" runstate="Runnable" seed="1542620089" result="Passed" start-time="2026-03-27 15:50:08Z" end-time="2026-03-27 15:50:08Z" duration="0.000305" asserts="0">
              <properties />
            </test-case>
            <test-case id="1777" name="AddScore_IncreasesEnemyScore" fullname="FWTCG.Tests.TurnManagerTests.AddScore_IncreasesEnemyScore" methodname="AddScore_IncreasesEnemyScore" classname="FWTCG.Tests.TurnManagerTests" runstate="Runnable" seed="74839562" result="Passed" start-time="2026-03-27 15:50:08Z" end-time="2026-03-27 15:50:08Z" duration="0.000109" asserts="0">
              <properties />
            </test-case>
            <test-case id="1776" name="AddScore_IncreasesPlayerScore" fullname="FWTCG.Tests.TurnManagerTests.AddScore_IncreasesPlayerScore" methodname="AddScore_IncreasesPlayerScore" classname="FWTCG.Tests.TurnManagerTests" runstate="Runnable" seed="1303130652" result="Passed" start-time="2026-03-27 15:50:08Z" end-time="2026-03-27 15:50:08Z" duration="0.000106" asserts="0">
              <properties />
            </test-case>
            <test-case id="1781" name="CheckWin_SetsGameOver_WhenLegendDies" fullname="FWTCG.Tests.TurnManagerTests.CheckWin_SetsGameOver_WhenLegendDies" methodname="CheckWin_SetsGameOver_WhenLegendDies" classname="FWTCG.Tests.TurnManagerTests" runstate="Runnable" seed="986881011" result="Passed" start-time="2026-03-27 15:50:08Z" end-time="2026-03-27 15:50:08Z" duration="0.000124" asserts="0">
              <properties />
            </test-case>
            <test-case id="1780" name="CheckWin_SetsGameOver_WhenPlayerReaches8" fullname="FWTCG.Tests.TurnManagerTests.CheckWin_SetsGameOver_WhenPlayerReaches8" methodname="CheckWin_SetsGameOver_WhenPlayerReaches8" classname="FWTCG.Tests.TurnManagerTests" runstate="Runnable" seed="251344764" result="Passed" start-time="2026-03-27 15:50:08Z" end-time="2026-03-27 15:50:08Z" duration="0.000077" asserts="0">
              <properties />
            </test-case>
            <test-case id="1758" name="DoAwaken_ClearsCardsPlayedThisTurn" fullname="FWTCG.Tests.TurnManagerTests.DoAwaken_ClearsCardsPlayedThisTurn" methodname="DoAwaken_ClearsCardsPlayedThisTurn" classname="FWTCG.Tests.TurnManagerTests" runstate="Runnable" seed="1112027579" result="Passed" start-time="2026-03-27 15:50:08Z" end-time="2026-03-27 15:50:08Z" duration="0.000283" asserts="0">
              <properties />
            </test-case>
            <test-case id="1759" name="DoAwaken_ClearsPendingRunes_ForPlayer" fullname="FWTCG.Tests.TurnManagerTests.DoAwaken_ClearsPendingRunes_ForPlayer" methodname="DoAwaken_ClearsPendingRunes_ForPlayer" classname="FWTCG.Tests.TurnManagerTests" runstate="Runnable" seed="1633095483" result="Passed" start-time="2026-03-27 15:50:08Z" end-time="2026-03-27 15:50:08Z" duration="0.000155" asserts="0">
              <properties />
            </test-case>
            <test-case id="1755" name="DoAwaken_ResetsExhaustedUnits" fullname="FWTCG.Tests.TurnManagerTests.DoAwaken_ResetsExhaustedUnits" methodname="DoAwaken_ResetsExhaustedUnits" classname="FWTCG.Tests.TurnManagerTests" runstate="Runnable" seed="1944620747" result="Passed" start-time="2026-03-27 15:50:08Z" end-time="2026-03-27 15:50:08Z" duration="0.000132" asserts="0">
              <properties />
            </test-case>
            <test-case id="1760" name="DoAwaken_ResetsLegendExhausted" fullname="FWTCG.Tests.TurnManagerTests.DoAwaken_ResetsLegendExhausted" methodname="DoAwaken_ResetsLegendExhausted" classname="FWTCG.Tests.TurnManagerTests" runstate="Runnable" seed="518224841" result="Passed" start-time="2026-03-27 15:50:08Z" end-time="2026-03-27 15:50:08Z" duration="0.000112" asserts="0">
              <properties />
            </test-case>
            <test-case id="1757" name="DoAwaken_ResetsSch" fullname="FWTCG.Tests.TurnManagerTests.DoAwaken_ResetsSch" methodname="DoAwaken_ResetsSch" classname="FWTCG.Tests.TurnManagerTests" runstate="Runnable" seed="589933992" result="Passed" start-time="2026-03-27 15:50:08Z" end-time="2026-03-27 15:50:08Z" duration="0.000091" asserts="0">
              <properties />
            </test-case>
            <test-case id="1756" name="DoAwaken_UntapsRunes" fullname="FWTCG.Tests.TurnManagerTests.DoAwaken_UntapsRunes" methodname="DoAwaken_UntapsRunes" classname="FWTCG.Tests.TurnManagerTests" runstate="Runnable" seed="240653466" result="Passed" start-time="2026-03-27 15:50:08Z" end-time="2026-03-27 15:50:08Z" duration="0.000174" asserts="0">
              <properties />
            </test-case>
            <test-case id="1764" name="DoDraw_DrawsCardFromDeck" fullname="FWTCG.Tests.TurnManagerTests.DoDraw_DrawsCardFromDeck" methodname="DoDraw_DrawsCardFromDeck" classname="FWTCG.Tests.TurnManagerTests" runstate="Runnable" seed="1550919097" result="Passed" start-time="2026-03-27 15:50:08Z" end-time="2026-03-27 15:50:08Z" duration="0.000782" asserts="0">
              <properties />
            </test-case>
            <test-case id="1766" name="DoDraw_EmptyDeck_ReshufflesDiscard_AndBurnoutOpponent" fullname="FWTCG.Tests.TurnManagerTests.DoDraw_EmptyDeck_ReshufflesDiscard_AndBurnoutOpponent" methodname="DoDraw_EmptyDeck_ReshufflesDiscard_AndBurnoutOpponent" classname="FWTCG.Tests.TurnManagerTests" runstate="Runnable" seed="1751327641" result="Passed" start-time="2026-03-27 15:50:08Z" end-time="2026-03-27 15:50:08Z" duration="0.000433" asserts="0">
              <properties />
            </test-case>
            <test-case id="1767" name="DoDraw_EmptyDeckAndDiscard_NoDrawButStillBurnout" fullname="FWTCG.Tests.TurnManagerTests.DoDraw_EmptyDeckAndDiscard_NoDrawButStillBurnout" methodname="DoDraw_EmptyDeckAndDiscard_NoDrawButStillBurnout" classname="FWTCG.Tests.TurnManagerTests" runstate="Runnable" seed="19491815" result="Passed" start-time="2026-03-27 15:50:08Z" end-time="2026-03-27 15:50:08Z" duration="0.000201" asserts="0">
              <properties />
            </test-case>
            <test-case id="1765" name="DoDraw_ResetsManaAndSch" fullname="FWTCG.Tests.TurnManagerTests.DoDraw_ResetsManaAndSch" methodname="DoDraw_ResetsManaAndSch" classname="FWTCG.Tests.TurnManagerTests" runstate="Runnable" seed="747617089" result="Passed" start-time="2026-03-27 15:50:08Z" end-time="2026-03-27 15:50:08Z" duration="0.000190" asserts="0">
              <properties />
            </test-case>
            <test-case id="1768" name="DoEndPhase_ClearsStunned" fullname="FWTCG.Tests.TurnManagerTests.DoEndPhase_ClearsStunned" methodname="DoEndPhase_ClearsStunned" classname="FWTCG.Tests.TurnManagerTests" runstate="Runnable" seed="1601538056" result="Passed" start-time="2026-03-27 15:50:08Z" end-time="2026-03-27 15:50:08Z" duration="0.000149" asserts="0">
              <properties />
            </test-case>
            <test-case id="1770" name="DoEndPhase_ClearsTurnBuff" fullname="FWTCG.Tests.TurnManagerTests.DoEndPhase_ClearsTurnBuff" methodname="DoEndPhase_ClearsTurnBuff" classname="FWTCG.Tests.TurnManagerTests" runstate="Runnable" seed="617178136" result="Passed" start-time="2026-03-27 15:50:08Z" end-time="2026-03-27 15:50:08Z" duration="0.000193" asserts="0">
              <properties />
            </test-case>
            <test-case id="1774" name="DoEndPhase_ExtraTurn_DoesNotIncreaseRound" fullname="FWTCG.Tests.TurnManagerTests.DoEndPhase_ExtraTurn_DoesNotIncreaseRound" methodname="DoEndPhase_ExtraTurn_DoesNotIncreaseRound" classname="FWTCG.Tests.TurnManagerTests" runstate="Runnable" seed="347476526" result="Passed" start-time="2026-03-27 15:50:08Z" end-time="2026-03-27 15:50:08Z" duration="0.000170" asserts="0">
              <properties />
            </test-case>
            <test-case id="1771" name="DoEndPhase_IncreasesRound" fullname="FWTCG.Tests.TurnManagerTests.DoEndPhase_IncreasesRound" methodname="DoEndPhase_IncreasesRound" classname="FWTCG.Tests.TurnManagerTests" runstate="Runnable" seed="1301274177" result="Passed" start-time="2026-03-27 15:50:08Z" end-time="2026-03-27 15:50:08Z" duration="0.000098" asserts="0">
              <properties />
            </test-case>
            <test-case id="1769" name="DoEndPhase_ResetsHpToAtk" fullname="FWTCG.Tests.TurnManagerTests.DoEndPhase_ResetsHpToAtk" methodname="DoEndPhase_ResetsHpToAtk" classname="FWTCG.Tests.TurnManagerTests" runstate="Runnable" seed="2078208183" result="Passed" start-time="2026-03-27 15:50:08Z" end-time="2026-03-27 15:50:08Z" duration="0.000141" asserts="0">
              <properties />
            </test-case>
            <test-case id="1775" name="DoEndPhase_SetsFirstTurnDone" fullname="FWTCG.Tests.TurnManagerTests.DoEndPhase_SetsFirstTurnDone" methodname="DoEndPhase_SetsFirstTurnDone" classname="FWTCG.Tests.TurnManagerTests" runstate="Runnable" seed="597582017" result="Passed" start-time="2026-03-27 15:50:08Z" end-time="2026-03-27 15:50:08Z" duration="0.000156" asserts="0">
              <properties />
            </test-case>
            <test-case id="1773" name="DoEndPhase_SwitchesTurn_EnemyToPlayer" fullname="FWTCG.Tests.TurnManagerTests.DoEndPhase_SwitchesTurn_EnemyToPlayer" methodname="DoEndPhase_SwitchesTurn_EnemyToPlayer" classname="FWTCG.Tests.TurnManagerTests" runstate="Runnable" seed="1178527030" result="Passed" start-time="2026-03-27 15:50:08Z" end-time="2026-03-27 15:50:08Z" duration="0.000112" asserts="0">
              <properties />
            </test-case>
            <test-case id="1772" name="DoEndPhase_SwitchesTurn_PlayerToEnemy" fullname="FWTCG.Tests.TurnManagerTests.DoEndPhase_SwitchesTurn_PlayerToEnemy" methodname="DoEndPhase_SwitchesTurn_PlayerToEnemy" classname="FWTCG.Tests.TurnManagerTests" runstate="Runnable" seed="1703949147" result="Passed" start-time="2026-03-27 15:50:08Z" end-time="2026-03-27 15:50:08Z" duration="0.000088" asserts="0">
              <properties />
            </test-case>
            <test-case id="1763" name="DoSummon_DoesNotExceedRuneDeck" fullname="FWTCG.Tests.TurnManagerTests.DoSummon_DoesNotExceedRuneDeck" methodname="DoSummon_DoesNotExceedRuneDeck" classname="FWTCG.Tests.TurnManagerTests" runstate="Runnable" seed="1711918348" result="Passed" start-time="2026-03-27 15:50:08Z" end-time="2026-03-27 15:50:08Z" duration="0.000273" asserts="0">
              <properties />
            </test-case>
            <test-case id="1762" name="DoSummon_DrawsThreeRunes_BackPlayerFirstTurn" fullname="FWTCG.Tests.TurnManagerTests.DoSummon_DrawsThreeRunes_BackPlayerFirstTurn" methodname="DoSummon_DrawsThreeRunes_BackPlayerFirstTurn" classname="FWTCG.Tests.TurnManagerTests" runstate="Runnable" seed="1847390853" result="Passed" start-time="2026-03-27 15:50:08Z" end-time="2026-03-27 15:50:08Z" duration="0.000145" asserts="0">
              <properties />
            </test-case>
            <test-case id="1761" name="DoSummon_DrawsTwoRunes_NormalTurn" fullname="FWTCG.Tests.TurnManagerTests.DoSummon_DrawsTwoRunes_NormalTurn" methodname="DoSummon_DrawsTwoRunes_NormalTurn" classname="FWTCG.Tests.TurnManagerTests" runstate="Runnable" seed="1450256561" result="Passed" start-time="2026-03-27 15:50:08Z" end-time="2026-03-27 15:50:08Z" duration="0.000117" asserts="0">
              <properties />
            </test-case>
            <test-case id="1783" name="PlayerEndTurn_IgnoredForEnemy" fullname="FWTCG.Tests.TurnManagerTests.PlayerEndTurn_IgnoredForEnemy" methodname="PlayerEndTurn_IgnoredForEnemy" classname="FWTCG.Tests.TurnManagerTests" runstate="Runnable" seed="2069660801" result="Passed" start-time="2026-03-27 15:50:08Z" end-time="2026-03-27 15:50:08Z" duration="0.000107" asserts="0">
              <properties />
            </test-case>
            <test-case id="1782" name="PlayerEndTurn_OnlyWorksInActionPhase" fullname="FWTCG.Tests.TurnManagerTests.PlayerEndTurn_OnlyWorksInActionPhase" methodname="PlayerEndTurn_OnlyWorksInActionPhase" classname="FWTCG.Tests.TurnManagerTests" runstate="Runnable" seed="316453731" result="Passed" start-time="2026-03-27 15:50:08Z" end-time="2026-03-27 15:50:08Z" duration="0.000097" asserts="0">
              <properties />
            </test-case>
          </test-suite>
        </test-suite>
      </test-suite>
    </test-suite>
  </test-suite>
</test-run>